TN:
SF:Y:\sam-ui-elements\test-app\src\polyfills.ts
FNF:0
FNH:0
DA:17,1
DA:42,1
DA:51,1
LF:3
LH:3
BRF:0
BRH:0
end_of_record
TN:
SF:Y:\sam-ui-elements\test-app\src\test.ts
FN:13,(anonymous_0)
FNF:1
FNH:1
FNDA:1,(anonymous_0)
DA:3,1
DA:4,1
DA:5,1
DA:6,1
DA:7,1
DA:8,1
DA:9,1
DA:10,1
DA:11,1
DA:13,1
DA:15,1
DA:17,1
DA:19,1
DA:21,1
LF:14
LH:14
BRF:0
BRH:0
end_of_record
TN:
SF:Y:\sam-ui-elements\test-app\src\app\app.component.ts
FN:2,(anonymous_0)
FN:10,(anonymous_1)
FN:11,AppComponent
FNF:3
FNH:3
FNDA:1,(anonymous_0)
FNDA:1,(anonymous_1)
FNDA:3,AppComponent
DA:2,1
DA:3,1
DA:4,1
DA:5,1
DA:6,1
DA:8,1
DA:9,1
DA:10,1
DA:12,3
DA:14,1
DA:21,1
DA:23,1
LF:12
LH:12
BRDA:2,0,0,1
BRDA:2,0,1,1
BRDA:2,0,2,1
BRDA:3,1,0,1
BRDA:3,1,1,0
BRDA:3,2,0,0
BRDA:3,2,1,0
BRDA:4,3,0,0
BRDA:4,3,1,1
BRDA:4,4,0,1
BRDA:4,4,1,1
BRDA:5,5,0,1
BRDA:5,5,1,0
BRDA:5,6,0,1
BRDA:5,6,1,0
BRDA:5,7,0,1
BRDA:5,7,1,0
BRDA:5,8,0,0
BRDA:5,8,1,0
BRDA:6,9,0,1
BRDA:6,9,1,0
BRDA:6,9,2,0
BRF:22
BRH:11
end_of_record
TN:
SF:Y:\sam-ui-elements\test-app\src\components\formly\index.ts
FN:2,__export
FNF:1
FNH:1
FNDA:4,__export
DA:3,12
DA:5,1
DA:6,1
DA:7,1
DA:8,1
DA:9,1
LF:6
LH:6
BRDA:3,0,0,12
BRDA:3,0,1,0
BRF:2
BRH:1
end_of_record
TN:
SF:Y:\sam-ui-elements\test-app\src\components\formly\sam-formly.ts
FN:2,(anonymous_0)
FN:4,(anonymous_1)
FN:5,(anonymous_2)
FN:6,(anonymous_3)
FN:8,__
FN:14,(anonymous_5)
FN:16,AbstractSamFormly
FN:19,(anonymous_7)
FN:22,(anonymous_8)
FN:23,(anonymous_9)
FNF:10
FNH:8
FNDA:1,(anonymous_0)
FNDA:0,(anonymous_1)
FNDA:0,(anonymous_2)
FNDA:1,(anonymous_3)
FNDA:1,__
FNDA:1,(anonymous_5)
FNDA:64,AbstractSamFormly
FNDA:64,(anonymous_7)
FNDA:64,(anonymous_8)
FNDA:392,(anonymous_9)
DA:2,1
DA:3,1
DA:4,0
DA:5,0
DA:6,1
DA:7,1
DA:8,1
DA:9,1
DA:12,1
DA:13,1
DA:14,1
DA:15,1
DA:17,64
DA:19,1
DA:20,64
DA:22,1
DA:23,64
DA:24,392
DA:26,64
DA:27,0
DA:29,64
DA:31,1
DA:33,1
LF:23
LH:20
BRDA:2,0,0,1
BRDA:2,0,1,1
BRDA:2,0,2,1
BRDA:3,1,0,1
BRDA:3,1,1,0
BRDA:3,1,2,0
BRDA:3,1,3,0
BRDA:5,2,0,0
BRDA:5,2,1,0
BRDA:9,3,0,0
BRDA:9,3,1,1
BRDA:17,4,0,64
BRDA:17,4,1,64
BRDA:17,4,2,0
BRDA:26,5,0,0
BRDA:26,5,1,64
BRF:16
BRH:8
end_of_record
TN:
SF:Y:\sam-ui-elements\test-app\src\components\formly\sam-ui-formly.module.ts
FN:2,(anonymous_0)
FN:23,(anonymous_1)
FN:24,FormlySAMUIModule
FNF:3
FNH:3
FNDA:1,(anonymous_0)
FNDA:1,(anonymous_1)
FNDA:8,FormlySAMUIModule
DA:2,1
DA:3,1
DA:4,1
DA:5,1
DA:6,1
DA:8,1
DA:12,1
DA:13,1
DA:14,1
DA:15,1
DA:19,1
DA:20,1
DA:21,1
DA:22,1
DA:23,1
DA:26,1
DA:73,1
DA:75,1
LF:18
LH:18
BRDA:2,0,0,1
BRDA:2,0,1,1
BRDA:2,0,2,1
BRDA:3,1,0,1
BRDA:3,1,1,0
BRDA:3,2,0,0
BRDA:3,2,1,0
BRDA:4,3,0,0
BRDA:4,3,1,1
BRDA:4,4,0,1
BRDA:4,4,1,1
BRDA:5,5,0,1
BRDA:5,5,1,0
BRDA:5,6,0,1
BRDA:5,6,1,0
BRDA:5,7,0,1
BRDA:5,7,1,0
BRDA:5,8,0,0
BRDA:5,8,1,0
BRDA:6,9,0,1
BRDA:6,9,1,0
BRDA:6,9,2,0
BRF:22
BRH:11
end_of_record
TN:
SF:Y:\sam-ui-elements\test-app\src\components\formly\components\index.ts
FN:2,__export
FNF:1
FNH:1
FNDA:8,__export
DA:3,8
DA:5,1
DA:6,1
DA:7,1
DA:8,1
DA:9,1
DA:10,1
DA:11,1
DA:12,1
DA:13,1
LF:10
LH:10
BRDA:3,0,0,8
BRDA:3,0,1,0
BRF:2
BRH:1
end_of_record
TN:
SF:Y:\sam-ui-elements\test-app\src\components\formly\components\autocomplete\autocomplete.component.ts
FN:2,(anonymous_0)
FN:4,(anonymous_1)
FN:5,(anonymous_2)
FN:6,(anonymous_3)
FN:8,__
FN:12,(anonymous_5)
FN:18,(anonymous_6)
FN:25,(anonymous_7)
FN:27,SamFormlyAutocomplete
FNF:9
FNH:7
FNDA:1,(anonymous_0)
FNDA:0,(anonymous_1)
FNDA:0,(anonymous_2)
FNDA:1,(anonymous_3)
FNDA:1,__
FNDA:2,(anonymous_5)
FNDA:2,(anonymous_6)
FNDA:1,(anonymous_7)
FNDA:8,SamFormlyAutocomplete
DA:2,1
DA:3,1
DA:4,0
DA:5,0
DA:6,1
DA:7,1
DA:8,1
DA:9,1
DA:12,1
DA:13,2
DA:14,2
DA:15,4
DA:16,2
DA:18,1
DA:19,2
DA:21,1
DA:22,1
DA:23,1
DA:24,1
DA:25,1
DA:26,1
DA:28,8
DA:29,8
DA:30,8
DA:32,1
DA:36,1
DA:43,1
DA:45,1
LF:28
LH:26
BRDA:2,0,0,1
BRDA:2,0,1,1
BRDA:2,0,2,1
BRDA:3,1,0,1
BRDA:3,1,1,0
BRDA:3,1,2,0
BRDA:3,1,3,0
BRDA:5,2,0,0
BRDA:5,2,1,0
BRDA:9,3,0,0
BRDA:9,3,1,1
BRDA:12,4,0,1
BRDA:12,4,1,1
BRDA:12,4,2,1
BRDA:13,5,0,1
BRDA:13,5,1,1
BRDA:13,6,0,0
BRDA:13,6,1,1
BRDA:14,7,0,0
BRDA:14,7,1,2
BRDA:14,8,0,2
BRDA:14,8,1,2
BRDA:15,9,0,4
BRDA:15,9,1,0
BRDA:15,10,0,4
BRDA:15,10,1,3
BRDA:15,11,0,2
BRDA:15,11,1,2
BRDA:15,12,0,2
BRDA:15,12,1,0
BRDA:16,13,0,2
BRDA:16,13,1,1
BRDA:16,13,2,0
BRDA:18,14,0,1
BRDA:18,14,1,1
BRDA:18,14,2,1
BRDA:19,15,0,2
BRDA:19,15,1,0
BRDA:19,16,0,2
BRDA:19,16,1,2
BRDA:28,17,0,8
BRDA:28,17,1,0
BRF:42
BRH:29
end_of_record
TN:
SF:Y:\sam-ui-elements\test-app\src\components\formly\components\autocomplete\index.ts
FN:2,__export
FNF:1
FNH:1
FNDA:1,__export
DA:3,1
DA:5,1
DA:6,1
LF:3
LH:3
BRDA:3,0,0,1
BRDA:3,0,1,0
BRF:2
BRH:1
end_of_record
TN:
SF:Y:\sam-ui-elements\test-app\src\components\formly\components\autocomplete-multiselect\autocomplete-multiselect.component.ts
FN:2,(anonymous_0)
FN:4,(anonymous_1)
FN:5,(anonymous_2)
FN:6,(anonymous_3)
FN:8,__
FN:12,(anonymous_5)
FN:18,(anonymous_6)
FN:25,(anonymous_7)
FN:27,SamFormlyAutoCompleteMultiselect
FNF:9
FNH:7
FNDA:1,(anonymous_0)
FNDA:0,(anonymous_1)
FNDA:0,(anonymous_2)
FNDA:1,(anonymous_3)
FNDA:1,__
FNDA:2,(anonymous_5)
FNDA:2,(anonymous_6)
FNDA:1,(anonymous_7)
FNDA:8,SamFormlyAutoCompleteMultiselect
DA:2,1
DA:3,1
DA:4,0
DA:5,0
DA:6,1
DA:7,1
DA:8,1
DA:9,1
DA:12,1
DA:13,2
DA:14,2
DA:15,4
DA:16,2
DA:18,1
DA:19,2
DA:21,1
DA:22,1
DA:23,1
DA:24,1
DA:25,1
DA:26,1
DA:28,8
DA:29,8
DA:30,8
DA:32,1
DA:36,1
DA:43,1
DA:45,1
LF:28
LH:26
BRDA:2,0,0,1
BRDA:2,0,1,1
BRDA:2,0,2,1
BRDA:3,1,0,1
BRDA:3,1,1,0
BRDA:3,1,2,0
BRDA:3,1,3,0
BRDA:5,2,0,0
BRDA:5,2,1,0
BRDA:9,3,0,0
BRDA:9,3,1,1
BRDA:12,4,0,1
BRDA:12,4,1,1
BRDA:12,4,2,1
BRDA:13,5,0,1
BRDA:13,5,1,1
BRDA:13,6,0,0
BRDA:13,6,1,1
BRDA:14,7,0,0
BRDA:14,7,1,2
BRDA:14,8,0,2
BRDA:14,8,1,2
BRDA:15,9,0,4
BRDA:15,9,1,0
BRDA:15,10,0,4
BRDA:15,10,1,3
BRDA:15,11,0,2
BRDA:15,11,1,2
BRDA:15,12,0,2
BRDA:15,12,1,0
BRDA:16,13,0,2
BRDA:16,13,1,1
BRDA:16,13,2,0
BRDA:18,14,0,1
BRDA:18,14,1,1
BRDA:18,14,2,1
BRDA:19,15,0,2
BRDA:19,15,1,0
BRDA:19,16,0,2
BRDA:19,16,1,2
BRDA:28,17,0,8
BRDA:28,17,1,0
BRF:42
BRH:29
end_of_record
TN:
SF:Y:\sam-ui-elements\test-app\src\components\formly\components\autocomplete-multiselect\index.ts
FN:2,__export
FNF:1
FNH:1
FNDA:1,__export
DA:3,1
DA:5,1
DA:6,1
LF:3
LH:3
BRDA:3,0,0,1
BRDA:3,0,1,0
BRF:2
BRH:1
end_of_record
TN:
SF:Y:\sam-ui-elements\test-app\src\components\formly\components\checkbox\checkbox.component.ts
FN:2,(anonymous_0)
FN:4,(anonymous_1)
FN:5,(anonymous_2)
FN:6,(anonymous_3)
FN:8,__
FN:12,(anonymous_5)
FN:18,(anonymous_6)
FN:25,(anonymous_7)
FN:27,SamFormlyCheckbox
FNF:9
FNH:7
FNDA:1,(anonymous_0)
FNDA:0,(anonymous_1)
FNDA:0,(anonymous_2)
FNDA:1,(anonymous_3)
FNDA:1,__
FNDA:2,(anonymous_5)
FNDA:2,(anonymous_6)
FNDA:1,(anonymous_7)
FNDA:8,SamFormlyCheckbox
DA:2,1
DA:3,1
DA:4,0
DA:5,0
DA:6,1
DA:7,1
DA:8,1
DA:9,1
DA:12,1
DA:13,2
DA:14,2
DA:15,4
DA:16,2
DA:18,1
DA:19,2
DA:21,1
DA:22,1
DA:23,1
DA:24,1
DA:25,1
DA:26,1
DA:28,8
DA:29,8
DA:30,8
DA:32,1
DA:36,1
DA:43,1
DA:45,1
LF:28
LH:26
BRDA:2,0,0,1
BRDA:2,0,1,1
BRDA:2,0,2,1
BRDA:3,1,0,1
BRDA:3,1,1,0
BRDA:3,1,2,0
BRDA:3,1,3,0
BRDA:5,2,0,0
BRDA:5,2,1,0
BRDA:9,3,0,0
BRDA:9,3,1,1
BRDA:12,4,0,1
BRDA:12,4,1,1
BRDA:12,4,2,1
BRDA:13,5,0,1
BRDA:13,5,1,1
BRDA:13,6,0,0
BRDA:13,6,1,1
BRDA:14,7,0,0
BRDA:14,7,1,2
BRDA:14,8,0,2
BRDA:14,8,1,2
BRDA:15,9,0,4
BRDA:15,9,1,0
BRDA:15,10,0,4
BRDA:15,10,1,3
BRDA:15,11,0,2
BRDA:15,11,1,2
BRDA:15,12,0,2
BRDA:15,12,1,0
BRDA:16,13,0,2
BRDA:16,13,1,1
BRDA:16,13,2,0
BRDA:18,14,0,1
BRDA:18,14,1,1
BRDA:18,14,2,1
BRDA:19,15,0,2
BRDA:19,15,1,0
BRDA:19,16,0,2
BRDA:19,16,1,2
BRDA:28,17,0,8
BRDA:28,17,1,0
BRF:42
BRH:29
end_of_record
TN:
SF:Y:\sam-ui-elements\test-app\src\components\formly\components\checkbox\index.ts
FN:2,__export
FNF:1
FNH:1
FNDA:1,__export
DA:3,1
DA:5,1
DA:6,1
LF:3
LH:3
BRDA:3,0,0,1
BRDA:3,0,1,0
BRF:2
BRH:1
end_of_record
TN:
SF:Y:\sam-ui-elements\test-app\src\components\formly\components\date\date.component.ts
FN:2,(anonymous_0)
FN:4,(anonymous_1)
FN:5,(anonymous_2)
FN:6,(anonymous_3)
FN:8,__
FN:12,(anonymous_5)
FN:18,(anonymous_6)
FN:25,(anonymous_7)
FN:27,SamFormlyDate
FNF:9
FNH:7
FNDA:1,(anonymous_0)
FNDA:0,(anonymous_1)
FNDA:0,(anonymous_2)
FNDA:1,(anonymous_3)
FNDA:1,__
FNDA:2,(anonymous_5)
FNDA:2,(anonymous_6)
FNDA:1,(anonymous_7)
FNDA:8,SamFormlyDate
DA:2,1
DA:3,1
DA:4,0
DA:5,0
DA:6,1
DA:7,1
DA:8,1
DA:9,1
DA:12,1
DA:13,2
DA:14,2
DA:15,4
DA:16,2
DA:18,1
DA:19,2
DA:21,1
DA:22,1
DA:23,1
DA:24,1
DA:25,1
DA:26,1
DA:28,8
DA:29,8
DA:30,8
DA:32,1
DA:36,1
DA:43,1
DA:45,1
LF:28
LH:26
BRDA:2,0,0,1
BRDA:2,0,1,1
BRDA:2,0,2,1
BRDA:3,1,0,1
BRDA:3,1,1,0
BRDA:3,1,2,0
BRDA:3,1,3,0
BRDA:5,2,0,0
BRDA:5,2,1,0
BRDA:9,3,0,0
BRDA:9,3,1,1
BRDA:12,4,0,1
BRDA:12,4,1,1
BRDA:12,4,2,1
BRDA:13,5,0,1
BRDA:13,5,1,1
BRDA:13,6,0,0
BRDA:13,6,1,1
BRDA:14,7,0,0
BRDA:14,7,1,2
BRDA:14,8,0,2
BRDA:14,8,1,2
BRDA:15,9,0,4
BRDA:15,9,1,0
BRDA:15,10,0,4
BRDA:15,10,1,3
BRDA:15,11,0,2
BRDA:15,11,1,2
BRDA:15,12,0,2
BRDA:15,12,1,0
BRDA:16,13,0,2
BRDA:16,13,1,1
BRDA:16,13,2,0
BRDA:18,14,0,1
BRDA:18,14,1,1
BRDA:18,14,2,1
BRDA:19,15,0,2
BRDA:19,15,1,0
BRDA:19,16,0,2
BRDA:19,16,1,2
BRDA:28,17,0,8
BRDA:28,17,1,0
BRF:42
BRH:29
end_of_record
TN:
SF:Y:\sam-ui-elements\test-app\src\components\formly\components\date\index.ts
FN:2,__export
FNF:1
FNH:1
FNDA:1,__export
DA:3,1
DA:5,1
DA:6,1
LF:3
LH:3
BRDA:3,0,0,1
BRDA:3,0,1,0
BRF:2
BRH:1
end_of_record
TN:
SF:Y:\sam-ui-elements\test-app\src\components\formly\components\date-range\date-range.component.ts
FN:2,(anonymous_0)
FN:4,(anonymous_1)
FN:5,(anonymous_2)
FN:6,(anonymous_3)
FN:8,__
FN:12,(anonymous_5)
FN:18,(anonymous_6)
FN:25,(anonymous_7)
FN:27,SamFormlyDateRange
FNF:9
FNH:7
FNDA:1,(anonymous_0)
FNDA:0,(anonymous_1)
FNDA:0,(anonymous_2)
FNDA:1,(anonymous_3)
FNDA:1,__
FNDA:2,(anonymous_5)
FNDA:2,(anonymous_6)
FNDA:1,(anonymous_7)
FNDA:8,SamFormlyDateRange
DA:2,1
DA:3,1
DA:4,0
DA:5,0
DA:6,1
DA:7,1
DA:8,1
DA:9,1
DA:12,1
DA:13,2
DA:14,2
DA:15,4
DA:16,2
DA:18,1
DA:19,2
DA:21,1
DA:22,1
DA:23,1
DA:24,1
DA:25,1
DA:26,1
DA:28,8
DA:29,8
DA:30,8
DA:32,1
DA:36,1
DA:43,1
DA:45,1
LF:28
LH:26
BRDA:2,0,0,1
BRDA:2,0,1,1
BRDA:2,0,2,1
BRDA:3,1,0,1
BRDA:3,1,1,0
BRDA:3,1,2,0
BRDA:3,1,3,0
BRDA:5,2,0,0
BRDA:5,2,1,0
BRDA:9,3,0,0
BRDA:9,3,1,1
BRDA:12,4,0,1
BRDA:12,4,1,1
BRDA:12,4,2,1
BRDA:13,5,0,1
BRDA:13,5,1,1
BRDA:13,6,0,0
BRDA:13,6,1,1
BRDA:14,7,0,0
BRDA:14,7,1,2
BRDA:14,8,0,2
BRDA:14,8,1,2
BRDA:15,9,0,4
BRDA:15,9,1,0
BRDA:15,10,0,4
BRDA:15,10,1,3
BRDA:15,11,0,2
BRDA:15,11,1,2
BRDA:15,12,0,2
BRDA:15,12,1,0
BRDA:16,13,0,2
BRDA:16,13,1,1
BRDA:16,13,2,0
BRDA:18,14,0,1
BRDA:18,14,1,1
BRDA:18,14,2,1
BRDA:19,15,0,2
BRDA:19,15,1,0
BRDA:19,16,0,2
BRDA:19,16,1,2
BRDA:28,17,0,8
BRDA:28,17,1,0
BRF:42
BRH:29
end_of_record
TN:
SF:Y:\sam-ui-elements\test-app\src\components\formly\components\date-range\index.ts
FN:2,__export
FNF:1
FNH:1
FNDA:1,__export
DA:3,1
DA:5,1
DA:6,1
LF:3
LH:3
BRDA:3,0,0,1
BRDA:3,0,1,0
BRF:2
BRH:1
end_of_record
TN:
SF:Y:\sam-ui-elements\test-app\src\components\formly\components\number\index.ts
FN:2,__export
FNF:1
FNH:1
FNDA:1,__export
DA:3,1
DA:5,1
DA:6,1
LF:3
LH:3
BRDA:3,0,0,1
BRDA:3,0,1,0
BRF:2
BRH:1
end_of_record
TN:
SF:Y:\sam-ui-elements\test-app\src\components\formly\components\number\number.component.ts
FN:2,(anonymous_0)
FN:4,(anonymous_1)
FN:5,(anonymous_2)
FN:6,(anonymous_3)
FN:8,__
FN:12,(anonymous_5)
FN:18,(anonymous_6)
FN:25,(anonymous_7)
FN:27,SamFormlyNumber
FNF:9
FNH:7
FNDA:1,(anonymous_0)
FNDA:0,(anonymous_1)
FNDA:0,(anonymous_2)
FNDA:1,(anonymous_3)
FNDA:1,__
FNDA:2,(anonymous_5)
FNDA:2,(anonymous_6)
FNDA:1,(anonymous_7)
FNDA:8,SamFormlyNumber
DA:2,1
DA:3,1
DA:4,0
DA:5,0
DA:6,1
DA:7,1
DA:8,1
DA:9,1
DA:12,1
DA:13,2
DA:14,2
DA:15,4
DA:16,2
DA:18,1
DA:19,2
DA:21,1
DA:22,1
DA:23,1
DA:24,1
DA:25,1
DA:26,1
DA:28,8
DA:29,8
DA:30,8
DA:32,1
DA:36,1
DA:43,1
DA:45,1
LF:28
LH:26
BRDA:2,0,0,1
BRDA:2,0,1,1
BRDA:2,0,2,1
BRDA:3,1,0,1
BRDA:3,1,1,0
BRDA:3,1,2,0
BRDA:3,1,3,0
BRDA:5,2,0,0
BRDA:5,2,1,0
BRDA:9,3,0,0
BRDA:9,3,1,1
BRDA:12,4,0,1
BRDA:12,4,1,1
BRDA:12,4,2,1
BRDA:13,5,0,1
BRDA:13,5,1,1
BRDA:13,6,0,0
BRDA:13,6,1,1
BRDA:14,7,0,0
BRDA:14,7,1,2
BRDA:14,8,0,2
BRDA:14,8,1,2
BRDA:15,9,0,4
BRDA:15,9,1,0
BRDA:15,10,0,4
BRDA:15,10,1,3
BRDA:15,11,0,2
BRDA:15,11,1,2
BRDA:15,12,0,2
BRDA:15,12,1,0
BRDA:16,13,0,2
BRDA:16,13,1,1
BRDA:16,13,2,0
BRDA:18,14,0,1
BRDA:18,14,1,1
BRDA:18,14,2,1
BRDA:19,15,0,2
BRDA:19,15,1,0
BRDA:19,16,0,2
BRDA:19,16,1,2
BRDA:28,17,0,8
BRDA:28,17,1,0
BRF:42
BRH:29
end_of_record
TN:
SF:Y:\sam-ui-elements\test-app\src\components\formly\components\radio\index.ts
FN:2,__export
FNF:1
FNH:1
FNDA:1,__export
DA:3,1
DA:5,1
DA:6,1
LF:3
LH:3
BRDA:3,0,0,1
BRDA:3,0,1,0
BRF:2
BRH:1
end_of_record
TN:
SF:Y:\sam-ui-elements\test-app\src\components\formly\components\radio\radio.component.ts
FN:2,(anonymous_0)
FN:4,(anonymous_1)
FN:5,(anonymous_2)
FN:6,(anonymous_3)
FN:8,__
FN:12,(anonymous_5)
FN:18,(anonymous_6)
FN:25,(anonymous_7)
FN:27,SamFormlyRadio
FNF:9
FNH:7
FNDA:1,(anonymous_0)
FNDA:0,(anonymous_1)
FNDA:0,(anonymous_2)
FNDA:1,(anonymous_3)
FNDA:1,__
FNDA:2,(anonymous_5)
FNDA:2,(anonymous_6)
FNDA:1,(anonymous_7)
FNDA:8,SamFormlyRadio
DA:2,1
DA:3,1
DA:4,0
DA:5,0
DA:6,1
DA:7,1
DA:8,1
DA:9,1
DA:12,1
DA:13,2
DA:14,2
DA:15,4
DA:16,2
DA:18,1
DA:19,2
DA:21,1
DA:22,1
DA:23,1
DA:24,1
DA:25,1
DA:26,1
DA:28,8
DA:29,8
DA:30,8
DA:32,1
DA:36,1
DA:43,1
DA:45,1
LF:28
LH:26
BRDA:2,0,0,1
BRDA:2,0,1,1
BRDA:2,0,2,1
BRDA:3,1,0,1
BRDA:3,1,1,0
BRDA:3,1,2,0
BRDA:3,1,3,0
BRDA:5,2,0,0
BRDA:5,2,1,0
BRDA:9,3,0,0
BRDA:9,3,1,1
BRDA:12,4,0,1
BRDA:12,4,1,1
BRDA:12,4,2,1
BRDA:13,5,0,1
BRDA:13,5,1,1
BRDA:13,6,0,0
BRDA:13,6,1,1
BRDA:14,7,0,0
BRDA:14,7,1,2
BRDA:14,8,0,2
BRDA:14,8,1,2
BRDA:15,9,0,4
BRDA:15,9,1,0
BRDA:15,10,0,4
BRDA:15,10,1,3
BRDA:15,11,0,2
BRDA:15,11,1,2
BRDA:15,12,0,2
BRDA:15,12,1,0
BRDA:16,13,0,2
BRDA:16,13,1,1
BRDA:16,13,2,0
BRDA:18,14,0,1
BRDA:18,14,1,1
BRDA:18,14,2,1
BRDA:19,15,0,2
BRDA:19,15,1,0
BRDA:19,16,0,2
BRDA:19,16,1,2
BRDA:28,17,0,8
BRDA:28,17,1,0
BRF:42
BRH:29
end_of_record
TN:
SF:Y:\sam-ui-elements\test-app\src\components\formly\components\text\index.ts
FN:2,__export
FNF:1
FNH:1
FNDA:1,__export
DA:3,1
DA:5,1
DA:6,1
LF:3
LH:3
BRDA:3,0,0,1
BRDA:3,0,1,0
BRF:2
BRH:1
end_of_record
TN:
SF:Y:\sam-ui-elements\test-app\src\components\formly\components\text\text.component.ts
FN:2,(anonymous_0)
FN:4,(anonymous_1)
FN:5,(anonymous_2)
FN:6,(anonymous_3)
FN:8,__
FN:12,(anonymous_5)
FN:18,(anonymous_6)
FN:25,(anonymous_7)
FN:27,SamFormlyText
FNF:9
FNH:7
FNDA:1,(anonymous_0)
FNDA:0,(anonymous_1)
FNDA:0,(anonymous_2)
FNDA:1,(anonymous_3)
FNDA:1,__
FNDA:2,(anonymous_5)
FNDA:2,(anonymous_6)
FNDA:1,(anonymous_7)
FNDA:8,SamFormlyText
DA:2,1
DA:3,1
DA:4,0
DA:5,0
DA:6,1
DA:7,1
DA:8,1
DA:9,1
DA:12,1
DA:13,2
DA:14,2
DA:15,4
DA:16,2
DA:18,1
DA:19,2
DA:21,1
DA:22,1
DA:23,1
DA:24,1
DA:25,1
DA:26,1
DA:28,8
DA:29,8
DA:30,8
DA:32,1
DA:36,1
DA:43,1
DA:45,1
LF:28
LH:26
BRDA:2,0,0,1
BRDA:2,0,1,1
BRDA:2,0,2,1
BRDA:3,1,0,1
BRDA:3,1,1,0
BRDA:3,1,2,0
BRDA:3,1,3,0
BRDA:5,2,0,0
BRDA:5,2,1,0
BRDA:9,3,0,0
BRDA:9,3,1,1
BRDA:12,4,0,1
BRDA:12,4,1,1
BRDA:12,4,2,1
BRDA:13,5,0,1
BRDA:13,5,1,1
BRDA:13,6,0,0
BRDA:13,6,1,1
BRDA:14,7,0,0
BRDA:14,7,1,2
BRDA:14,8,0,2
BRDA:14,8,1,2
BRDA:15,9,0,4
BRDA:15,9,1,0
BRDA:15,10,0,4
BRDA:15,10,1,3
BRDA:15,11,0,2
BRDA:15,11,1,2
BRDA:15,12,0,2
BRDA:15,12,1,0
BRDA:16,13,0,2
BRDA:16,13,1,1
BRDA:16,13,2,0
BRDA:18,14,0,1
BRDA:18,14,1,1
BRDA:18,14,2,1
BRDA:19,15,0,2
BRDA:19,15,1,0
BRDA:19,16,0,2
BRDA:19,16,1,2
BRDA:28,17,0,8
BRDA:28,17,1,0
BRF:42
BRH:29
end_of_record
TN:
SF:Y:\sam-ui-elements\test-app\src\components\formly\wrappers\index.ts
FN:2,__export
FNF:1
FNH:1
FNDA:1,__export
DA:3,2
DA:5,1
DA:6,1
LF:3
LH:3
BRDA:3,0,0,2
BRDA:3,0,1,0
BRF:2
BRH:1
end_of_record
TN:
SF:Y:\sam-ui-elements\test-app\src\components\formly\wrappers\filter\filter.module.ts
FN:2,(anonymous_0)
FN:18,(anonymous_1)
FN:19,SamFilterWrapperModule
FNF:3
FNH:3
FNDA:1,(anonymous_0)
FNDA:1,(anonymous_1)
FNDA:8,SamFilterWrapperModule
DA:2,1
DA:3,1
DA:4,1
DA:5,1
DA:6,1
DA:8,1
DA:12,1
DA:13,1
DA:14,1
DA:15,1
DA:16,1
DA:17,1
DA:18,1
DA:21,1
DA:45,1
DA:47,1
LF:16
LH:16
BRDA:2,0,0,1
BRDA:2,0,1,1
BRDA:2,0,2,1
BRDA:3,1,0,1
BRDA:3,1,1,0
BRDA:3,2,0,0
BRDA:3,2,1,0
BRDA:4,3,0,0
BRDA:4,3,1,1
BRDA:4,4,0,1
BRDA:4,4,1,1
BRDA:5,5,0,1
BRDA:5,5,1,0
BRDA:5,6,0,1
BRDA:5,6,1,0
BRDA:5,7,0,1
BRDA:5,7,1,0
BRDA:5,8,0,0
BRDA:5,8,1,0
BRDA:6,9,0,1
BRDA:6,9,1,0
BRDA:6,9,2,0
BRF:22
BRH:11
end_of_record
TN:
SF:Y:\sam-ui-elements\test-app\src\components\formly\wrappers\filter\filter.wrapper.ts
FN:2,(anonymous_0)
FN:4,(anonymous_1)
FN:5,(anonymous_2)
FN:6,(anonymous_3)
FN:8,__
FN:12,(anonymous_5)
FN:18,(anonymous_6)
FN:25,(anonymous_7)
FN:27,FilterWrapperComponent
FNF:9
FNH:6
FNDA:1,(anonymous_0)
FNDA:0,(anonymous_1)
FNDA:0,(anonymous_2)
FNDA:1,(anonymous_3)
FNDA:1,__
FNDA:2,(anonymous_5)
FNDA:1,(anonymous_6)
FNDA:1,(anonymous_7)
FNDA:0,FilterWrapperComponent
DA:2,1
DA:3,1
DA:4,0
DA:5,0
DA:6,1
DA:7,1
DA:8,1
DA:9,1
DA:12,1
DA:13,2
DA:14,2
DA:15,3
DA:16,2
DA:18,1
DA:19,1
DA:21,1
DA:23,1
DA:24,1
DA:25,1
DA:26,1
DA:28,0
DA:30,1
DA:34,1
DA:39,1
DA:41,1
LF:25
LH:22
BRDA:2,0,0,1
BRDA:2,0,1,1
BRDA:2,0,2,1
BRDA:3,1,0,1
BRDA:3,1,1,0
BRDA:3,1,2,0
BRDA:3,1,3,0
BRDA:5,2,0,0
BRDA:5,2,1,0
BRDA:9,3,0,0
BRDA:9,3,1,1
BRDA:12,4,0,1
BRDA:12,4,1,1
BRDA:12,4,2,1
BRDA:13,5,0,1
BRDA:13,5,1,1
BRDA:13,6,0,0
BRDA:13,6,1,1
BRDA:14,7,0,0
BRDA:14,7,1,2
BRDA:14,8,0,2
BRDA:14,8,1,2
BRDA:15,9,0,3
BRDA:15,9,1,0
BRDA:15,10,0,3
BRDA:15,10,1,2
BRDA:15,11,0,1
BRDA:15,11,1,2
BRDA:15,12,0,2
BRDA:15,12,1,0
BRDA:16,13,0,2
BRDA:16,13,1,1
BRDA:16,13,2,0
BRDA:18,14,0,1
BRDA:18,14,1,1
BRDA:18,14,2,1
BRDA:19,15,0,1
BRDA:19,15,1,0
BRDA:19,16,0,1
BRDA:19,16,1,1
BRDA:28,17,0,0
BRDA:28,17,1,0
BRDA:28,17,2,0
BRF:43
BRH:28
end_of_record
TN:
SF:Y:\sam-ui-elements\test-app\src\components\formly\wrappers\filter\index.ts
FN:2,__export
FNF:1
FNH:1
FNDA:2,__export
DA:3,2
DA:5,1
DA:6,1
DA:7,1
LF:4
LH:4
BRDA:3,0,0,2
BRDA:3,0,1,0
BRF:2
BRH:1
end_of_record
TN:
SF:Y:\sam-ui-elements\test-app\src\components\ui-kit\dom-helpers.ts
FN:3,(anonymous_0)
FN:11,preventDefault
FN:18,preventDefaultForScrollKeys
FN:24,disableScroll
FN:34,enableScroll
FNF:5
FNH:1
FNDA:15,(anonymous_0)
FNDA:0,preventDefault
FNDA:0,preventDefaultForScrollKeys
FNDA:0,disableScroll
FNDA:0,enableScroll
DA:2,1
DA:3,1
DA:7,15
DA:8,0
DA:10,15
DA:12,0
DA:13,0
DA:14,0
DA:16,0
DA:19,0
DA:20,0
DA:21,0
DA:25,0
DA:26,0
DA:28,0
DA:29,0
DA:31,0
DA:32,0
DA:35,0
DA:36,0
DA:38,0
DA:39,0
DA:40,0
DA:41,0
DA:43,15
LF:25
LH:5
BRDA:7,0,0,0
BRDA:7,0,1,15
BRDA:12,1,0,0
BRDA:12,1,1,0
BRDA:13,2,0,0
BRDA:13,2,1,0
BRDA:19,3,0,0
BRDA:19,3,1,0
BRDA:25,4,0,0
BRDA:25,4,1,0
BRDA:35,5,0,0
BRDA:35,5,1,0
BRF:12
BRH:1
end_of_record
TN:
SF:Y:\sam-ui-elements\test-app\src\components\ui-kit\form-service.ts
FN:2,(anonymous_0)
FN:12,(anonymous_1)
FN:13,SamFormService
FN:17,(anonymous_3)
FN:21,(anonymous_4)
FNF:5
FNH:3
FNDA:1,(anonymous_0)
FNDA:1,(anonymous_1)
FNDA:160,SamFormService
FNDA:0,(anonymous_3)
FNDA:0,(anonymous_4)
DA:2,1
DA:3,1
DA:4,1
DA:5,1
DA:6,1
DA:8,1
DA:9,1
DA:10,1
DA:11,1
DA:12,1
DA:14,160
DA:15,160
DA:17,1
DA:18,0
DA:19,0
DA:21,1
DA:22,0
DA:23,0
DA:25,1
DA:28,1
DA:30,1
LF:21
LH:17
BRDA:2,0,0,1
BRDA:2,0,1,1
BRDA:2,0,2,1
BRDA:3,1,0,1
BRDA:3,1,1,0
BRDA:3,2,0,0
BRDA:3,2,1,0
BRDA:4,3,0,0
BRDA:4,3,1,1
BRDA:4,4,0,1
BRDA:4,4,1,1
BRDA:5,5,0,1
BRDA:5,5,1,0
BRDA:5,6,0,1
BRDA:5,6,1,0
BRDA:5,7,0,1
BRDA:5,7,1,0
BRDA:5,8,0,0
BRDA:5,8,1,0
BRDA:6,9,0,1
BRDA:6,9,1,0
BRDA:6,9,2,0
BRDA:18,10,0,0
BRDA:18,10,1,0
BRDA:22,11,0,0
BRDA:22,11,1,0
BRF:26
BRH:11
end_of_record
TN:
SF:Y:\sam-ui-elements\test-app\src\components\ui-kit\index.ts
FN:2,__export
FNF:1
FNH:1
FNDA:15,__export
DA:3,201
DA:5,1
DA:6,1
DA:7,1
DA:8,1
DA:9,1
DA:10,1
DA:11,1
DA:12,1
DA:13,1
DA:14,1
DA:15,1
DA:16,1
DA:17,1
DA:18,1
DA:19,1
DA:20,1
LF:17
LH:17
BRDA:3,0,0,201
BRDA:3,0,1,0
BRF:2
BRH:1
end_of_record
TN:
SF:Y:\sam-ui-elements\test-app\src\components\ui-kit\sam-ui-elements.module.ts
FN:2,(anonymous_0)
FN:22,(anonymous_1)
FN:23,SamUIKitModule
FNF:3
FNH:3
FNDA:1,(anonymous_0)
FNDA:1,(anonymous_1)
FNDA:8,SamUIKitModule
DA:2,1
DA:3,1
DA:4,1
DA:5,1
DA:6,1
DA:8,1
DA:9,1
DA:10,1
DA:11,1
DA:12,1
DA:13,1
DA:14,1
DA:15,1
DA:16,1
DA:17,1
DA:18,1
DA:19,1
DA:20,1
DA:21,1
DA:22,1
DA:25,1
DA:54,1
DA:56,1
LF:23
LH:23
BRDA:2,0,0,1
BRDA:2,0,1,1
BRDA:2,0,2,1
BRDA:3,1,0,1
BRDA:3,1,1,0
BRDA:3,2,0,0
BRDA:3,2,1,0
BRDA:4,3,0,0
BRDA:4,3,1,1
BRDA:4,4,0,1
BRDA:4,4,1,1
BRDA:5,5,0,1
BRDA:5,5,1,0
BRDA:5,6,0,1
BRDA:5,6,1,0
BRDA:5,7,0,1
BRDA:5,7,1,0
BRDA:5,8,0,0
BRDA:5,8,1,0
BRDA:6,9,0,1
BRDA:6,9,1,0
BRDA:6,9,2,0
BRF:22
BRH:11
end_of_record
TN:
SF:Y:\sam-ui-elements\test-app\src\components\ui-kit\type-check-helpers.ts
FN:6,isString
FN:13,isObject
FN:20,isArray
FN:28,safeTypeOf
FNF:4
FNH:0
FNDA:0,isString
FNDA:0,isObject
FNDA:0,isArray
FNDA:0,safeTypeOf
DA:2,1
DA:7,0
DA:9,1
DA:14,0
DA:16,1
DA:21,0
DA:23,1
DA:29,0
DA:31,1
LF:9
LH:5
BRF:0
BRH:0
end_of_record
TN:
SF:Y:\sam-ui-elements\test-app\src\components\ui-kit\components\components.module.ts
FN:2,(anonymous_0)
FN:41,(anonymous_1)
FN:42,SamComponentsModule
FNF:3
FNH:3
FNDA:1,(anonymous_0)
FNDA:1,(anonymous_1)
FNDA:11,SamComponentsModule
DA:2,1
DA:3,1
DA:4,1
DA:5,1
DA:6,1
DA:8,1
DA:9,1
DA:10,1
DA:11,1
DA:12,1
DA:13,1
DA:14,1
DA:15,1
DA:16,1
DA:17,1
DA:18,1
DA:19,1
DA:20,1
DA:21,1
DA:22,1
DA:23,1
DA:24,1
DA:25,1
DA:26,1
DA:27,1
DA:28,1
DA:29,1
DA:30,1
DA:31,1
DA:32,1
DA:33,1
DA:34,1
DA:35,1
DA:36,1
DA:37,1
DA:38,1
DA:39,1
DA:40,1
DA:41,1
DA:44,1
DA:107,1
DA:109,1
LF:42
LH:42
BRDA:2,0,0,1
BRDA:2,0,1,1
BRDA:2,0,2,1
BRDA:3,1,0,1
BRDA:3,1,1,0
BRDA:3,2,0,0
BRDA:3,2,1,0
BRDA:4,3,0,0
BRDA:4,3,1,1
BRDA:4,4,0,1
BRDA:4,4,1,1
BRDA:5,5,0,1
BRDA:5,5,1,0
BRDA:5,6,0,1
BRDA:5,6,1,0
BRDA:5,7,0,1
BRDA:5,7,1,0
BRDA:5,8,0,0
BRDA:5,8,1,0
BRDA:6,9,0,1
BRDA:6,9,1,0
BRDA:6,9,2,0
BRF:22
BRH:11
end_of_record
TN:
SF:Y:\sam-ui-elements\test-app\src\components\ui-kit\components\index.ts
FN:2,__export
FNF:1
FNH:1
FNDA:22,__export
DA:3,63
DA:5,1
DA:6,1
DA:7,1
DA:8,1
DA:9,1
DA:10,1
DA:11,1
DA:12,1
DA:13,1
DA:14,1
DA:15,1
DA:16,1
DA:17,1
DA:18,1
DA:19,1
DA:20,1
DA:21,1
DA:22,1
DA:23,1
DA:24,1
DA:25,1
DA:26,1
DA:27,1
LF:24
LH:24
BRDA:3,0,0,63
BRDA:3,0,1,0
BRF:2
BRH:1
end_of_record
TN:
SF:Y:\sam-ui-elements\test-app\src\components\ui-kit\components\accordion\accordion.component.ts
FN:2,(anonymous_0)
FN:8,(anonymous_1)
FN:11,(anonymous_2)
FN:12,(anonymous_3)
FN:20,(anonymous_4)
FN:21,SamAccordionSection
FN:29,(anonymous_6)
FN:34,(anonymous_7)
FN:38,(anonymous_8)
FN:41,(anonymous_9)
FN:44,(anonymous_10)
FN:75,(anonymous_11)
FN:85,(anonymous_12)
FN:86,SamAccordionComponent
FN:102,(anonymous_14)
FN:108,(anonymous_15)
FN:111,(anonymous_16)
FN:115,(anonymous_17)
FN:120,(anonymous_18)
FN:121,(anonymous_19)
FN:127,(anonymous_20)
FN:128,(anonymous_21)
FN:132,(anonymous_22)
FN:134,(anonymous_23)
FNF:24
FNH:24
FNDA:9,(anonymous_0)
FNDA:8,(anonymous_1)
FNDA:1,(anonymous_2)
FNDA:1,(anonymous_3)
FNDA:1,(anonymous_4)
FNDA:24,SamAccordionSection
FNDA:11,(anonymous_6)
FNDA:3,(anonymous_7)
FNDA:28,(anonymous_8)
FNDA:6,(anonymous_9)
FNDA:4,(anonymous_10)
FNDA:27,(anonymous_11)
FNDA:1,(anonymous_12)
FNDA:12,SamAccordionComponent
FNDA:12,(anonymous_14)
FNDA:24,(anonymous_15)
FNDA:3,(anonymous_16)
FNDA:4,(anonymous_17)
FNDA:4,(anonymous_18)
FNDA:8,(anonymous_19)
FNDA:1,(anonymous_20)
FNDA:2,(anonymous_21)
FNDA:12,(anonymous_22)
FNDA:24,(anonymous_23)
DA:2,1
DA:3,9
DA:4,9
DA:5,18
DA:6,9
DA:8,1
DA:9,8
DA:11,1
DA:12,1
DA:14,1
DA:15,1
DA:20,1
DA:22,24
DA:26,24
DA:27,24
DA:29,1
DA:30,11
DA:31,1
DA:34,1
DA:35,3
DA:36,3
DA:38,1
DA:39,28
DA:41,1
DA:42,6
DA:44,1
DA:45,4
DA:46,4
DA:47,4
DA:48,4
DA:49,4
DA:52,4
DA:54,1
DA:58,1
DA:62,1
DA:66,1
DA:70,1
DA:75,27
DA:78,1
DA:80,1
DA:85,1
DA:90,12
DA:94,12
DA:98,12
DA:99,12
DA:100,12
DA:102,1
DA:103,12
DA:104,3
DA:106,12
DA:108,1
DA:109,24
DA:110,24
DA:111,24
DA:112,3
DA:115,1
DA:116,4
DA:117,4
DA:118,4
DA:120,1
DA:121,4
DA:122,8
DA:123,4
DA:127,1
DA:128,1
DA:129,2
DA:132,1
DA:133,12
DA:134,12
DA:135,24
DA:136,3
DA:139,21
DA:143,1
DA:147,1
DA:151,1
DA:155,1
DA:161,1
DA:163,1
LF:78
LH:78
BRDA:2,0,0,1
BRDA:2,0,1,1
BRDA:2,0,2,1
BRDA:3,1,0,2
BRDA:3,1,1,7
BRDA:3,2,0,0
BRDA:3,2,1,7
BRDA:4,3,0,0
BRDA:4,3,1,9
BRDA:4,4,0,9
BRDA:4,4,1,9
BRDA:5,5,0,18
BRDA:5,5,1,0
BRDA:5,6,0,18
BRDA:5,6,1,16
BRDA:5,7,0,4
BRDA:5,7,1,14
BRDA:5,8,0,14
BRDA:5,8,1,0
BRDA:6,9,0,9
BRDA:6,9,1,7
BRDA:6,9,2,0
BRDA:8,10,0,1
BRDA:8,10,1,1
BRDA:8,10,2,1
BRDA:9,11,0,8
BRDA:9,11,1,0
BRDA:9,12,0,8
BRDA:9,12,1,8
BRDA:11,13,0,1
BRDA:11,13,1,1
BRDA:11,13,2,1
BRDA:30,14,0,1
BRDA:30,14,1,10
BRDA:47,15,0,4
BRDA:47,15,1,0
BRDA:103,16,0,3
BRDA:103,16,1,9
BRDA:116,17,0,3
BRDA:116,17,1,1
BRDA:122,18,0,4
BRDA:122,18,1,4
BRDA:135,19,0,3
BRDA:135,19,1,21
BRF:44
BRH:37
end_of_record
TN:
SF:Y:\sam-ui-elements\test-app\src\components\ui-kit\components\accordion\index.ts
FN:2,(anonymous_0)
FN:8,__export
FN:15,(anonymous_2)
FN:16,AccordionsModule
FNF:4
FNH:4
FNDA:1,(anonymous_0)
FNDA:1,__export
FNDA:1,(anonymous_2)
FNDA:22,AccordionsModule
DA:2,1
DA:3,1
DA:4,1
DA:5,1
DA:6,1
DA:9,2
DA:11,1
DA:12,1
DA:13,1
DA:14,1
DA:15,1
DA:18,1
DA:25,1
DA:27,1
DA:28,1
LF:15
LH:15
BRDA:2,0,0,1
BRDA:2,0,1,1
BRDA:2,0,2,1
BRDA:3,1,0,1
BRDA:3,1,1,0
BRDA:3,2,0,0
BRDA:3,2,1,0
BRDA:4,3,0,0
BRDA:4,3,1,1
BRDA:4,4,0,1
BRDA:4,4,1,1
BRDA:5,5,0,1
BRDA:5,5,1,0
BRDA:5,6,0,1
BRDA:5,6,1,0
BRDA:5,7,0,1
BRDA:5,7,1,0
BRDA:5,8,0,0
BRDA:5,8,1,0
BRDA:6,9,0,1
BRDA:6,9,1,0
BRDA:6,9,2,0
BRDA:9,10,0,2
BRDA:9,10,1,0
BRF:24
BRH:12
end_of_record
TN:
SF:Y:\sam-ui-elements\test-app\src\components\ui-kit\components\actions\index.ts
FN:2,__export
FNF:1
FNH:1
FNDA:2,__export
DA:3,4
DA:5,1
DA:6,1
DA:7,1
LF:4
LH:4
BRDA:3,0,0,4
BRDA:3,0,1,0
BRF:2
BRH:1
end_of_record
TN:
SF:Y:\sam-ui-elements\test-app\src\components\ui-kit\components\actions\action-button\action-button.component.ts
FN:2,(anonymous_0)
FN:8,(anonymous_1)
FN:13,(anonymous_2)
FN:14,SamActionButton
FN:28,(anonymous_4)
FNF:5
FNH:5
FNDA:5,(anonymous_0)
FNDA:4,(anonymous_1)
FNDA:1,(anonymous_2)
FNDA:5,SamActionButton
FNDA:2,(anonymous_4)
DA:2,1
DA:3,5
DA:4,5
DA:5,9
DA:6,5
DA:8,1
DA:9,4
DA:11,1
DA:12,1
DA:13,1
DA:18,5
DA:22,5
DA:26,5
DA:28,1
DA:29,2
DA:30,2
DA:32,1
DA:36,1
DA:40,1
DA:44,1
DA:48,1
DA:54,1
DA:56,1
LF:23
LH:23
BRDA:2,0,0,1
BRDA:2,0,1,1
BRDA:2,0,2,1
BRDA:3,1,0,1
BRDA:3,1,1,4
BRDA:3,2,0,0
BRDA:3,2,1,4
BRDA:4,3,0,0
BRDA:4,3,1,5
BRDA:4,4,0,5
BRDA:4,4,1,5
BRDA:5,5,0,9
BRDA:5,5,1,0
BRDA:5,6,0,9
BRDA:5,6,1,8
BRDA:5,7,0,1
BRDA:5,7,1,8
BRDA:5,8,0,8
BRDA:5,8,1,0
BRDA:6,9,0,5
BRDA:6,9,1,4
BRDA:6,9,2,0
BRDA:8,10,0,1
BRDA:8,10,1,1
BRDA:8,10,2,1
BRDA:9,11,0,4
BRDA:9,11,1,0
BRDA:9,12,0,4
BRDA:9,12,1,4
BRF:29
BRH:23
end_of_record
TN:
SF:Y:\sam-ui-elements\test-app\src\components\ui-kit\components\actions\action-button\index.ts
FN:2,(anonymous_0)
FN:12,(anonymous_1)
FN:13,SamActionButtonModule
FNF:3
FNH:3
FNDA:1,(anonymous_0)
FNDA:1,(anonymous_1)
FNDA:11,SamActionButtonModule
DA:2,1
DA:3,1
DA:4,1
DA:5,1
DA:6,1
DA:8,1
DA:9,1
DA:10,1
DA:11,1
DA:12,1
DA:15,1
DA:22,1
DA:24,1
DA:25,1
DA:26,1
LF:15
LH:15
BRDA:2,0,0,1
BRDA:2,0,1,1
BRDA:2,0,2,1
BRDA:3,1,0,1
BRDA:3,1,1,0
BRDA:3,2,0,0
BRDA:3,2,1,0
BRDA:4,3,0,0
BRDA:4,3,1,1
BRDA:4,4,0,1
BRDA:4,4,1,1
BRDA:5,5,0,1
BRDA:5,5,1,0
BRDA:5,6,0,1
BRDA:5,6,1,0
BRDA:5,7,0,1
BRDA:5,7,1,0
BRDA:5,8,0,0
BRDA:5,8,1,0
BRDA:6,9,0,1
BRDA:6,9,1,0
BRDA:6,9,2,0
BRF:22
BRH:11
end_of_record
TN:
SF:Y:\sam-ui-elements\test-app\src\components\ui-kit\components\actions\actions-dropdown\actions-dropdown.component.ts
FN:2,(anonymous_0)
FN:8,(anonymous_1)
FN:14,(anonymous_2)
FN:15,SamActionsDropdownComponent
FN:45,(anonymous_4)
FN:48,(anonymous_5)
FN:54,(anonymous_6)
FN:62,(anonymous_7)
FN:72,(anonymous_8)
FNF:9
FNH:8
FNDA:9,(anonymous_0)
FNDA:8,(anonymous_1)
FNDA:1,(anonymous_2)
FNDA:6,SamActionsDropdownComponent
FNDA:0,(anonymous_4)
FNDA:6,(anonymous_5)
FNDA:2,(anonymous_6)
FNDA:2,(anonymous_7)
FNDA:5,(anonymous_8)
DA:2,1
DA:3,9
DA:4,9
DA:5,17
DA:6,9
DA:8,1
DA:9,8
DA:11,1
DA:12,1
DA:13,1
DA:14,1
DA:20,6
DA:24,6
DA:28,6
DA:32,6
DA:33,6
DA:37,6
DA:41,6
DA:42,6
DA:43,6
DA:45,1
DA:46,0
DA:48,1
DA:49,6
DA:50,4
DA:52,6
DA:54,1
DA:55,2
DA:56,2
DA:57,2
DA:58,2
DA:60,2
DA:62,1
DA:63,2
DA:64,1
DA:65,1
DA:66,1
DA:68,1
DA:69,1
DA:72,1
DA:73,5
DA:74,4
DA:75,3
DA:76,3
DA:78,4
DA:79,4
DA:81,1
DA:82,1
DA:83,0
DA:84,0
DA:86,1
DA:87,1
DA:90,1
DA:94,1
DA:98,1
DA:102,1
DA:106,1
DA:110,1
DA:114,1
DA:118,1
DA:122,1
DA:128,1
DA:130,1
LF:63
LH:60
BRDA:2,0,0,1
BRDA:2,0,1,1
BRDA:2,0,2,1
BRDA:3,1,0,1
BRDA:3,1,1,8
BRDA:3,2,0,0
BRDA:3,2,1,8
BRDA:4,3,0,0
BRDA:4,3,1,9
BRDA:4,4,0,9
BRDA:4,4,1,9
BRDA:5,5,0,17
BRDA:5,5,1,0
BRDA:5,6,0,17
BRDA:5,6,1,16
BRDA:5,7,0,1
BRDA:5,7,1,16
BRDA:5,8,0,16
BRDA:5,8,1,0
BRDA:6,9,0,9
BRDA:6,9,1,8
BRDA:6,9,2,0
BRDA:8,10,0,1
BRDA:8,10,1,1
BRDA:8,10,2,1
BRDA:9,11,0,8
BRDA:9,11,1,0
BRDA:9,12,0,8
BRDA:9,12,1,8
BRDA:49,13,0,4
BRDA:49,13,1,2
BRDA:57,14,0,2
BRDA:57,14,1,0
BRDA:63,15,0,1
BRDA:63,15,1,1
BRDA:63,16,0,2
BRDA:63,16,1,2
BRDA:68,17,0,1
BRDA:68,17,1,0
BRDA:73,18,0,4
BRDA:73,18,1,1
BRDA:74,19,0,3
BRDA:74,19,1,1
BRDA:81,20,0,1
BRDA:81,20,1,0
BRDA:82,21,0,0
BRDA:82,21,1,1
BRF:47
BRH:37
end_of_record
TN:
SF:Y:\sam-ui-elements\test-app\src\components\ui-kit\components\actions\actions-dropdown\index.ts
FN:2,(anonymous_0)
FN:12,(anonymous_1)
FN:13,SamActionDropdownModule
FNF:3
FNH:3
FNDA:1,(anonymous_0)
FNDA:1,(anonymous_1)
FNDA:11,SamActionDropdownModule
DA:2,1
DA:3,1
DA:4,1
DA:5,1
DA:6,1
DA:8,1
DA:9,1
DA:10,1
DA:11,1
DA:12,1
DA:15,1
DA:22,1
DA:24,1
DA:25,1
DA:26,1
LF:15
LH:15
BRDA:2,0,0,1
BRDA:2,0,1,1
BRDA:2,0,2,1
BRDA:3,1,0,1
BRDA:3,1,1,0
BRDA:3,2,0,0
BRDA:3,2,1,0
BRDA:4,3,0,0
BRDA:4,3,1,1
BRDA:4,4,0,1
BRDA:4,4,1,1
BRDA:5,5,0,1
BRDA:5,5,1,0
BRDA:5,6,0,1
BRDA:5,6,1,0
BRDA:5,7,0,1
BRDA:5,7,1,0
BRDA:5,8,0,0
BRDA:5,8,1,0
BRDA:6,9,0,1
BRDA:6,9,1,0
BRDA:6,9,2,0
BRF:22
BRH:11
end_of_record
TN:
SF:Y:\sam-ui-elements\test-app\src\components\ui-kit\components\alert\alert.component.ts
FN:2,(anonymous_0)
FN:8,(anonymous_1)
FN:17,(anonymous_2)
FN:18,SamAlertComponent
FN:54,(anonymous_4)
FN:57,(anonymous_5)
FN:64,(anonymous_6)
FN:70,(anonymous_7)
FN:75,(anonymous_8)
FN:84,(anonymous_9)
FNF:10
FNH:10
FNDA:10,(anonymous_0)
FNDA:9,(anonymous_1)
FNDA:1,(anonymous_2)
FNDA:8,SamAlertComponent
FNDA:1,(anonymous_4)
FNDA:2,(anonymous_5)
FNDA:6,(anonymous_6)
FNDA:1,(anonymous_7)
FNDA:9,(anonymous_8)
FNDA:1,(anonymous_9)
DA:2,1
DA:3,10
DA:4,10
DA:5,19
DA:6,10
DA:8,1
DA:9,9
DA:11,1
DA:12,1
DA:17,1
DA:22,8
DA:27,8
DA:32,8
DA:36,8
DA:40,8
DA:44,8
DA:45,8
DA:51,8
DA:52,8
DA:54,1
DA:55,1
DA:57,1
DA:58,2
DA:59,2
DA:62,2
DA:64,1
DA:65,6
DA:66,6
DA:67,4
DA:69,6
DA:70,1
DA:71,1
DA:75,1
DA:76,9
DA:77,3
DA:79,6
DA:80,1
DA:82,5
DA:84,1
DA:85,1
DA:87,1
DA:91,1
DA:95,1
DA:99,1
DA:103,1
DA:107,1
DA:111,1
DA:115,1
DA:119,1
DA:123,1
DA:129,1
DA:131,1
LF:52
LH:52
BRDA:2,0,0,1
BRDA:2,0,1,1
BRDA:2,0,2,1
BRDA:3,1,0,1
BRDA:3,1,1,9
BRDA:3,2,0,0
BRDA:3,2,1,9
BRDA:4,3,0,0
BRDA:4,3,1,10
BRDA:4,4,0,10
BRDA:4,4,1,10
BRDA:5,5,0,19
BRDA:5,5,1,0
BRDA:5,6,0,19
BRDA:5,6,1,18
BRDA:5,7,0,1
BRDA:5,7,1,18
BRDA:5,8,0,18
BRDA:5,8,1,0
BRDA:6,9,0,10
BRDA:6,9,1,9
BRDA:6,9,2,0
BRDA:8,10,0,1
BRDA:8,10,1,1
BRDA:8,10,2,1
BRDA:9,11,0,9
BRDA:9,11,1,0
BRDA:9,12,0,9
BRDA:9,12,1,9
BRDA:59,13,0,1
BRDA:59,13,1,1
BRDA:66,14,0,4
BRDA:66,14,1,2
BRDA:69,15,0,1
BRDA:69,15,1,5
BRDA:69,16,0,6
BRDA:69,16,1,2
BRDA:76,17,0,3
BRDA:76,17,1,6
BRDA:76,18,0,9
BRDA:76,18,1,6
BRDA:79,19,0,1
BRDA:79,19,1,5
BRF:43
BRH:37
end_of_record
TN:
SF:Y:\sam-ui-elements\test-app\src\components\ui-kit\components\alert\index.ts
FN:2,(anonymous_0)
FN:12,(anonymous_1)
FN:13,SamAlertModule
FNF:3
FNH:3
FNDA:1,(anonymous_0)
FNDA:1,(anonymous_1)
FNDA:11,SamAlertModule
DA:2,1
DA:3,1
DA:4,1
DA:5,1
DA:6,1
DA:8,1
DA:9,1
DA:10,1
DA:11,1
DA:12,1
DA:15,1
DA:22,1
DA:24,1
DA:25,1
DA:26,1
LF:15
LH:15
BRDA:2,0,0,1
BRDA:2,0,1,1
BRDA:2,0,2,1
BRDA:3,1,0,1
BRDA:3,1,1,0
BRDA:3,2,0,0
BRDA:3,2,1,0
BRDA:4,3,0,0
BRDA:4,3,1,1
BRDA:4,4,0,1
BRDA:4,4,1,1
BRDA:5,5,0,1
BRDA:5,5,1,0
BRDA:5,6,0,1
BRDA:5,6,1,0
BRDA:5,7,0,1
BRDA:5,7,1,0
BRDA:5,8,0,0
BRDA:5,8,1,0
BRDA:6,9,0,1
BRDA:6,9,1,0
BRDA:6,9,2,0
BRF:22
BRH:11
end_of_record
TN:
SF:Y:\sam-ui-elements\test-app\src\components\ui-kit\components\alert-footer\alert-footer.component.ts
FN:2,(anonymous_0)
FN:8,(anonymous_1)
FN:14,(anonymous_2)
FN:15,SamAlertFooterComponent
FN:19,(anonymous_4)
FN:22,(anonymous_5)
FN:26,(anonymous_6)
FNF:7
FNH:6
FNDA:1,(anonymous_0)
FNDA:1,(anonymous_1)
FNDA:1,(anonymous_2)
FNDA:3,SamAlertFooterComponent
FNDA:1,(anonymous_4)
FNDA:0,(anonymous_5)
FNDA:2,(anonymous_6)
DA:2,1
DA:3,1
DA:4,1
DA:5,2
DA:6,1
DA:8,1
DA:9,1
DA:11,1
DA:12,1
DA:13,1
DA:14,1
DA:16,3
DA:17,3
DA:19,1
DA:20,1
DA:22,1
DA:23,0
DA:24,0
DA:26,1
DA:27,2
DA:29,1
DA:36,1
DA:38,1
LF:23
LH:21
BRDA:2,0,0,1
BRDA:2,0,1,1
BRDA:2,0,2,1
BRDA:3,1,0,1
BRDA:3,1,1,0
BRDA:3,2,0,0
BRDA:3,2,1,0
BRDA:4,3,0,0
BRDA:4,3,1,1
BRDA:4,4,0,1
BRDA:4,4,1,1
BRDA:5,5,0,2
BRDA:5,5,1,0
BRDA:5,6,0,2
BRDA:5,6,1,1
BRDA:5,7,0,2
BRDA:5,7,1,0
BRDA:5,8,0,0
BRDA:5,8,1,0
BRDA:6,9,0,1
BRDA:6,9,1,0
BRDA:6,9,2,0
BRDA:8,10,0,1
BRDA:8,10,1,1
BRDA:8,10,2,1
BRDA:9,11,0,1
BRDA:9,11,1,0
BRDA:9,12,0,1
BRDA:9,12,1,1
BRF:29
BRH:18
end_of_record
TN:
SF:Y:\sam-ui-elements\test-app\src\components\ui-kit\components\alert-footer\alert-footer.service.ts
FN:2,(anonymous_0)
FN:10,(anonymous_1)
FN:11,SamAlertFooterService
FN:14,(anonymous_3)
FN:17,(anonymous_4)
FN:20,(anonymous_5)
FN:21,(anonymous_6)
FNF:7
FNH:7
FNDA:1,(anonymous_0)
FNDA:1,(anonymous_1)
FNDA:3,SamAlertFooterService
FNDA:5,(anonymous_3)
FNDA:5,(anonymous_4)
FNDA:2,(anonymous_5)
FNDA:4,(anonymous_6)
DA:2,1
DA:3,1
DA:4,1
DA:5,1
DA:6,1
DA:8,1
DA:9,1
DA:10,1
DA:12,3
DA:14,1
DA:15,5
DA:17,1
DA:18,5
DA:20,1
DA:21,2
DA:22,4
DA:23,1
DA:25,3
DA:28,1
DA:31,1
DA:33,1
LF:21
LH:21
BRDA:2,0,0,1
BRDA:2,0,1,1
BRDA:2,0,2,1
BRDA:3,1,0,1
BRDA:3,1,1,0
BRDA:3,2,0,0
BRDA:3,2,1,0
BRDA:4,3,0,0
BRDA:4,3,1,1
BRDA:4,4,0,1
BRDA:4,4,1,1
BRDA:5,5,0,1
BRDA:5,5,1,0
BRDA:5,6,0,1
BRDA:5,6,1,0
BRDA:5,7,0,1
BRDA:5,7,1,0
BRDA:5,8,0,0
BRDA:5,8,1,0
BRDA:6,9,0,1
BRDA:6,9,1,0
BRDA:6,9,2,0
BRDA:22,10,0,1
BRDA:22,10,1,3
BRF:24
BRH:13
end_of_record
TN:
SF:Y:\sam-ui-elements\test-app\src\components\ui-kit\components\alert-footer\index.ts
FN:2,(anonymous_0)
FN:13,(anonymous_1)
FN:14,SamAlertFooterModule
FNF:3
FNH:3
FNDA:1,(anonymous_0)
FNDA:1,(anonymous_1)
FNDA:11,SamAlertFooterModule
DA:2,1
DA:3,1
DA:4,1
DA:5,1
DA:6,1
DA:8,1
DA:9,1
DA:10,1
DA:11,1
DA:12,1
DA:13,1
DA:16,1
DA:23,1
DA:25,1
DA:26,1
DA:27,1
DA:28,1
DA:29,1
LF:18
LH:18
BRDA:2,0,0,1
BRDA:2,0,1,1
BRDA:2,0,2,1
BRDA:3,1,0,1
BRDA:3,1,1,0
BRDA:3,2,0,0
BRDA:3,2,1,0
BRDA:4,3,0,0
BRDA:4,3,1,1
BRDA:4,4,0,1
BRDA:4,4,1,1
BRDA:5,5,0,1
BRDA:5,5,1,0
BRDA:5,6,0,1
BRDA:5,6,1,0
BRDA:5,7,0,1
BRDA:5,7,1,0
BRDA:5,8,0,0
BRDA:5,8,1,0
BRDA:6,9,0,1
BRDA:6,9,1,0
BRDA:6,9,2,0
BRF:22
BRH:11
end_of_record
TN:
SF:Y:\sam-ui-elements\test-app\src\components\ui-kit\components\badge\badge.component.ts
FN:2,(anonymous_0)
FN:8,(anonymous_1)
FN:13,(anonymous_2)
FN:14,SamBadgeComponent
FN:18,(anonymous_4)
FN:24,(anonymous_5)
FN:31,(anonymous_6)
FNF:7
FNH:6
FNDA:2,(anonymous_0)
FNDA:2,(anonymous_1)
FNDA:1,(anonymous_2)
FNDA:1,SamBadgeComponent
FNDA:0,(anonymous_4)
FNDA:1,(anonymous_5)
FNDA:4,(anonymous_6)
DA:2,1
DA:3,2
DA:4,2
DA:5,4
DA:6,2
DA:8,1
DA:9,2
DA:11,1
DA:12,1
DA:13,1
DA:15,1
DA:17,1
DA:19,0
DA:25,1
DA:30,1
DA:32,4
DA:33,4
DA:34,2
DA:36,4
DA:41,1
DA:46,1
DA:52,1
DA:54,1
LF:23
LH:22
BRDA:2,0,0,1
BRDA:2,0,1,1
BRDA:2,0,2,1
BRDA:3,1,0,1
BRDA:3,1,1,1
BRDA:3,2,0,1
BRDA:3,2,1,0
BRDA:4,3,0,0
BRDA:4,3,1,2
BRDA:4,4,0,2
BRDA:4,4,1,2
BRDA:5,5,0,4
BRDA:5,5,1,0
BRDA:5,6,0,4
BRDA:5,6,1,3
BRDA:5,7,0,1
BRDA:5,7,1,3
BRDA:5,8,0,3
BRDA:5,8,1,0
BRDA:6,9,0,2
BRDA:6,9,1,1
BRDA:6,9,2,1
BRDA:8,10,0,1
BRDA:8,10,1,1
BRDA:8,10,2,1
BRDA:9,11,0,2
BRDA:9,11,1,0
BRDA:9,12,0,2
BRDA:9,12,1,2
BRDA:33,13,0,2
BRDA:33,13,1,2
BRF:31
BRH:26
end_of_record
TN:
SF:Y:\sam-ui-elements\test-app\src\components\ui-kit\components\badge\index.ts
FN:2,(anonymous_0)
FN:12,(anonymous_1)
FN:13,SamBadgeModule
FNF:3
FNH:3
FNDA:1,(anonymous_0)
FNDA:1,(anonymous_1)
FNDA:11,SamBadgeModule
DA:2,1
DA:3,1
DA:4,1
DA:5,1
DA:6,1
DA:8,1
DA:9,1
DA:10,1
DA:11,1
DA:12,1
DA:15,1
DA:22,1
DA:24,1
DA:25,1
DA:26,1
LF:15
LH:15
BRDA:2,0,0,1
BRDA:2,0,1,1
BRDA:2,0,2,1
BRDA:3,1,0,1
BRDA:3,1,1,0
BRDA:3,2,0,0
BRDA:3,2,1,0
BRDA:4,3,0,0
BRDA:4,3,1,1
BRDA:4,4,0,1
BRDA:4,4,1,1
BRDA:5,5,0,1
BRDA:5,5,1,0
BRDA:5,6,0,1
BRDA:5,6,1,0
BRDA:5,7,0,1
BRDA:5,7,1,0
BRDA:5,8,0,0
BRDA:5,8,1,0
BRDA:6,9,0,1
BRDA:6,9,1,0
BRDA:6,9,2,0
BRF:22
BRH:11
end_of_record
TN:
SF:Y:\sam-ui-elements\test-app\src\components\ui-kit\components\banner\banner.component.ts
FN:2,(anonymous_0)
FN:14,(anonymous_1)
FN:15,SamBannerComponent
FN:18,(anonymous_3)
FNF:4
FNH:4
FNDA:1,(anonymous_0)
FNDA:1,(anonymous_1)
FNDA:2,SamBannerComponent
FNDA:1,(anonymous_3)
DA:2,1
DA:3,1
DA:4,1
DA:5,1
DA:6,1
DA:8,1
DA:9,1
DA:14,1
DA:16,2
DA:18,1
DA:19,1
DA:21,1
DA:27,1
DA:29,1
LF:14
LH:14
BRDA:2,0,0,1
BRDA:2,0,1,1
BRDA:2,0,2,1
BRDA:3,1,0,1
BRDA:3,1,1,0
BRDA:3,2,0,0
BRDA:3,2,1,0
BRDA:4,3,0,0
BRDA:4,3,1,1
BRDA:4,4,0,1
BRDA:4,4,1,1
BRDA:5,5,0,1
BRDA:5,5,1,0
BRDA:5,6,0,1
BRDA:5,6,1,0
BRDA:5,7,0,1
BRDA:5,7,1,0
BRDA:5,8,0,0
BRDA:5,8,1,0
BRDA:6,9,0,1
BRDA:6,9,1,0
BRDA:6,9,2,0
BRF:22
BRH:11
end_of_record
TN:
SF:Y:\sam-ui-elements\test-app\src\components\ui-kit\components\banner\index.ts
FN:2,(anonymous_0)
FN:12,(anonymous_1)
FN:13,SamBannerModule
FNF:3
FNH:3
FNDA:1,(anonymous_0)
FNDA:1,(anonymous_1)
FNDA:11,SamBannerModule
DA:2,1
DA:3,1
DA:4,1
DA:5,1
DA:6,1
DA:8,1
DA:9,1
DA:10,1
DA:11,1
DA:12,1
DA:15,1
DA:22,1
DA:24,1
DA:25,1
DA:26,1
LF:15
LH:15
BRDA:2,0,0,1
BRDA:2,0,1,1
BRDA:2,0,2,1
BRDA:3,1,0,1
BRDA:3,1,1,0
BRDA:3,2,0,0
BRDA:3,2,1,0
BRDA:4,3,0,0
BRDA:4,3,1,1
BRDA:4,4,0,1
BRDA:4,4,1,1
BRDA:5,5,0,1
BRDA:5,5,1,0
BRDA:5,6,0,1
BRDA:5,6,1,0
BRDA:5,7,0,1
BRDA:5,7,1,0
BRDA:5,8,0,0
BRDA:5,8,1,0
BRDA:6,9,0,1
BRDA:6,9,1,0
BRDA:6,9,2,0
BRF:22
BRH:11
end_of_record
TN:
SF:Y:\sam-ui-elements\test-app\src\components\ui-kit\components\breadcrumbs\breadcrumbs.component.ts
FN:2,(anonymous_0)
FN:8,(anonymous_1)
FN:13,(anonymous_2)
FN:14,SamBreadcrumbsComponent
FN:21,(anonymous_4)
FNF:5
FNH:5
FNDA:3,(anonymous_0)
FNDA:2,(anonymous_1)
FNDA:1,(anonymous_2)
FNDA:3,SamBreadcrumbsComponent
FNDA:1,(anonymous_4)
DA:2,1
DA:3,3
DA:4,3
DA:5,5
DA:6,3
DA:8,1
DA:9,2
DA:11,1
DA:12,1
DA:13,1
DA:18,3
DA:19,3
DA:21,1
DA:22,1
DA:24,1
DA:28,1
DA:32,1
DA:38,1
DA:40,1
LF:19
LH:19
BRDA:2,0,0,1
BRDA:2,0,1,1
BRDA:2,0,2,1
BRDA:3,1,0,1
BRDA:3,1,1,2
BRDA:3,2,0,0
BRDA:3,2,1,2
BRDA:4,3,0,0
BRDA:4,3,1,3
BRDA:4,4,0,3
BRDA:4,4,1,3
BRDA:5,5,0,5
BRDA:5,5,1,0
BRDA:5,6,0,5
BRDA:5,6,1,4
BRDA:5,7,0,1
BRDA:5,7,1,4
BRDA:5,8,0,4
BRDA:5,8,1,0
BRDA:6,9,0,3
BRDA:6,9,1,2
BRDA:6,9,2,0
BRDA:8,10,0,1
BRDA:8,10,1,1
BRDA:8,10,2,1
BRDA:9,11,0,2
BRDA:9,11,1,0
BRDA:9,12,0,2
BRDA:9,12,1,2
BRF:29
BRH:23
end_of_record
TN:
SF:Y:\sam-ui-elements\test-app\src\components\ui-kit\components\breadcrumbs\index.ts
FN:2,(anonymous_0)
FN:13,(anonymous_1)
FN:14,SamBreadcrumbsModule
FNF:3
FNH:3
FNDA:1,(anonymous_0)
FNDA:1,(anonymous_1)
FNDA:11,SamBreadcrumbsModule
DA:2,1
DA:3,1
DA:4,1
DA:5,1
DA:6,1
DA:8,1
DA:9,1
DA:10,1
DA:11,1
DA:12,1
DA:13,1
DA:16,1
DA:23,1
DA:25,1
DA:26,1
DA:27,1
LF:16
LH:16
BRDA:2,0,0,1
BRDA:2,0,1,1
BRDA:2,0,2,1
BRDA:3,1,0,1
BRDA:3,1,1,0
BRDA:3,2,0,0
BRDA:3,2,1,0
BRDA:4,3,0,0
BRDA:4,3,1,1
BRDA:4,4,0,1
BRDA:4,4,1,1
BRDA:5,5,0,1
BRDA:5,5,1,0
BRDA:5,6,0,1
BRDA:5,6,1,0
BRDA:5,7,0,1
BRDA:5,7,1,0
BRDA:5,8,0,0
BRDA:5,8,1,0
BRDA:6,9,0,1
BRDA:6,9,1,0
BRDA:6,9,2,0
BRF:22
BRH:11
end_of_record
TN:
SF:Y:\sam-ui-elements\test-app\src\components\ui-kit\components\comments\comments.component.ts
FN:2,(anonymous_0)
FN:8,(anonymous_1)
FN:20,(anonymous_2)
FN:21,SamCommentsComponent
FN:38,(anonymous_4)
FN:65,(anonymous_5)
FN:67,(anonymous_6)
FN:71,(anonymous_7)
FN:73,(anonymous_8)
FN:77,(anonymous_9)
FN:81,(anonymous_10)
FN:87,(anonymous_11)
FN:97,(anonymous_12)
FN:101,(anonymous_13)
FN:103,(anonymous_14)
FN:105,(anonymous_15)
FN:111,(anonymous_16)
FN:122,(anonymous_17)
FN:124,(anonymous_18)
FN:128,(anonymous_19)
FN:131,(anonymous_20)
FN:134,(anonymous_21)
FN:137,(anonymous_22)
FN:143,(anonymous_23)
FNF:24
FNH:17
FNDA:5,(anonymous_0)
FNDA:5,(anonymous_1)
FNDA:1,(anonymous_2)
FNDA:12,SamCommentsComponent
FNDA:8,(anonymous_4)
FNDA:1,(anonymous_5)
FNDA:0,(anonymous_6)
FNDA:1,(anonymous_7)
FNDA:0,(anonymous_8)
FNDA:1,(anonymous_9)
FNDA:0,(anonymous_10)
FNDA:1,(anonymous_11)
FNDA:0,(anonymous_12)
FNDA:1,(anonymous_13)
FNDA:0,(anonymous_14)
FNDA:1,(anonymous_15)
FNDA:0,(anonymous_16)
FNDA:12,(anonymous_17)
FNDA:0,(anonymous_18)
FNDA:8,(anonymous_19)
FNDA:78,(anonymous_20)
FNDA:1,(anonymous_21)
FNDA:1,(anonymous_22)
FNDA:28,(anonymous_23)
DA:2,1
DA:3,5
DA:4,5
DA:5,10
DA:6,5
DA:8,1
DA:9,5
DA:11,1
DA:12,1
DA:13,1
DA:14,1
DA:15,1
DA:16,1
DA:17,1
DA:18,1
DA:19,1
DA:20,1
DA:22,12
DA:23,12
DA:27,12
DA:31,12
DA:32,12
DA:36,12
DA:38,1
DA:39,8
DA:40,8
DA:56,8
DA:58,8
DA:60,8
DA:63,8
DA:66,1
DA:67,0
DA:69,8
DA:72,1
DA:73,0
DA:75,8
DA:78,1
DA:79,1
DA:80,1
DA:81,0
DA:84,0
DA:88,1
DA:89,0
DA:91,1
DA:92,0
DA:95,1
DA:96,1
DA:97,0
DA:100,8
DA:102,1
DA:103,0
DA:106,1
DA:107,0
DA:110,1
DA:111,0
DA:115,8
DA:123,12
DA:125,0
DA:128,1
DA:129,8
DA:131,1
DA:132,78
DA:134,1
DA:135,1
DA:137,1
DA:138,1
DA:139,1
DA:141,1
DA:143,1
DA:144,28
DA:147,28
DA:149,1
DA:153,1
DA:157,1
DA:161,1
DA:165,1
DA:173,1
DA:175,1
LF:78
LH:67
BRDA:2,0,0,1
BRDA:2,0,1,1
BRDA:2,0,2,1
BRDA:3,1,0,1
BRDA:3,1,1,4
BRDA:3,2,0,0
BRDA:3,2,1,4
BRDA:4,3,0,0
BRDA:4,3,1,5
BRDA:4,4,0,5
BRDA:4,4,1,5
BRDA:5,5,0,10
BRDA:5,5,1,0
BRDA:5,6,0,10
BRDA:5,6,1,9
BRDA:5,7,0,2
BRDA:5,7,1,8
BRDA:5,8,0,8
BRDA:5,8,1,0
BRDA:6,9,0,5
BRDA:6,9,1,4
BRDA:6,9,2,0
BRDA:8,10,0,1
BRDA:8,10,1,1
BRDA:8,10,2,1
BRDA:9,11,0,5
BRDA:9,11,1,0
BRDA:9,12,0,5
BRDA:9,12,1,5
BRDA:44,13,0,8
BRDA:44,13,1,8
BRDA:78,14,0,1
BRDA:78,14,1,0
BRDA:78,15,0,1
BRDA:78,15,1,0
BRDA:88,16,0,0
BRDA:88,16,1,1
BRDA:91,17,0,0
BRDA:91,17,1,1
BRDA:91,18,0,1
BRDA:91,18,1,1
BRDA:106,19,0,0
BRDA:106,19,1,1
BRDA:139,20,0,1
BRDA:139,20,1,1
BRDA:141,21,0,0
BRDA:141,21,1,1
BRDA:141,22,0,1
BRDA:141,22,1,1
BRDA:144,23,0,4
BRDA:144,23,1,24
BRF:51
BRH:39
end_of_record
TN:
SF:Y:\sam-ui-elements\test-app\src\components\ui-kit\components\comments\comments.module.ts
FN:2,(anonymous_0)
FN:17,(anonymous_1)
FN:18,SamCommentsModule
FNF:3
FNH:3
FNDA:1,(anonymous_0)
FNDA:1,(anonymous_1)
FNDA:22,SamCommentsModule
DA:2,1
DA:3,1
DA:4,1
DA:5,1
DA:6,1
DA:8,1
DA:9,1
DA:10,1
DA:11,1
DA:12,1
DA:13,1
DA:14,1
DA:15,1
DA:16,1
DA:17,1
DA:20,1
DA:40,1
DA:42,1
LF:18
LH:18
BRDA:2,0,0,1
BRDA:2,0,1,1
BRDA:2,0,2,1
BRDA:3,1,0,1
BRDA:3,1,1,0
BRDA:3,2,0,0
BRDA:3,2,1,0
BRDA:4,3,0,0
BRDA:4,3,1,1
BRDA:4,4,0,1
BRDA:4,4,1,1
BRDA:5,5,0,1
BRDA:5,5,1,0
BRDA:5,6,0,1
BRDA:5,6,1,0
BRDA:5,7,0,1
BRDA:5,7,1,0
BRDA:5,8,0,0
BRDA:5,8,1,0
BRDA:6,9,0,1
BRDA:6,9,1,0
BRDA:6,9,2,0
BRF:22
BRH:11
end_of_record
TN:
SF:Y:\sam-ui-elements\test-app\src\components\ui-kit\components\comments\comments.service.ts
FN:4,(anonymous_0)
FN:5,CommentsService
FN:10,(anonymous_2)
FN:13,(anonymous_3)
FN:16,(anonymous_4)
FN:19,(anonymous_5)
FN:22,(anonymous_6)
FN:25,(anonymous_7)
FN:28,(anonymous_8)
FNF:9
FNH:9
FNDA:1,(anonymous_0)
FNDA:4,CommentsService
FNDA:2,(anonymous_2)
FNDA:1,(anonymous_3)
FNDA:1,(anonymous_4)
FNDA:1,(anonymous_5)
FNDA:1,(anonymous_6)
FNDA:1,(anonymous_7)
FNDA:1,(anonymous_8)
DA:2,1
DA:3,1
DA:4,1
DA:6,4
DA:7,4
DA:8,4
DA:10,1
DA:11,2
DA:13,1
DA:14,1
DA:16,1
DA:17,1
DA:19,1
DA:20,1
DA:22,1
DA:23,1
DA:25,1
DA:26,1
DA:28,1
DA:29,1
DA:30,1
DA:32,1
DA:34,1
LF:23
LH:23
BRF:0
BRH:0
end_of_record
TN:
SF:Y:\sam-ui-elements\test-app\src\components\ui-kit\components\comments\index.ts
FN:2,__export
FNF:1
FNH:1
FNDA:1,__export
DA:3,1
DA:5,1
DA:6,1
DA:7,1
DA:8,1
DA:9,1
DA:10,1
DA:11,1
DA:12,1
LF:9
LH:9
BRDA:3,0,0,1
BRDA:3,0,1,0
BRF:2
BRH:1
end_of_record
TN:
SF:Y:\sam-ui-elements\test-app\src\components\ui-kit\components\comments\comment\comment.component.ts
FN:2,(anonymous_0)
FN:8,(anonymous_1)
FN:13,(anonymous_2)
FN:14,SamCommentComponent
FN:20,(anonymous_4)
FNF:5
FNH:4
FNDA:4,(anonymous_0)
FNDA:3,(anonymous_1)
FNDA:1,(anonymous_2)
FNDA:30,SamCommentComponent
FNDA:0,(anonymous_4)
DA:2,1
DA:3,4
DA:4,4
DA:5,7
DA:6,4
DA:8,1
DA:9,3
DA:11,1
DA:12,1
DA:13,1
DA:18,30
DA:20,1
DA:21,0
DA:23,1
DA:27,1
DA:31,1
DA:35,1
DA:41,1
DA:43,1
LF:19
LH:18
BRDA:2,0,0,1
BRDA:2,0,1,1
BRDA:2,0,2,1
BRDA:3,1,0,1
BRDA:3,1,1,3
BRDA:3,2,0,0
BRDA:3,2,1,3
BRDA:4,3,0,0
BRDA:4,3,1,4
BRDA:4,4,0,4
BRDA:4,4,1,4
BRDA:5,5,0,7
BRDA:5,5,1,0
BRDA:5,6,0,7
BRDA:5,6,1,6
BRDA:5,7,0,1
BRDA:5,7,1,6
BRDA:5,8,0,6
BRDA:5,8,1,0
BRDA:6,9,0,4
BRDA:6,9,1,3
BRDA:6,9,2,0
BRDA:8,10,0,1
BRDA:8,10,1,1
BRDA:8,10,2,1
BRDA:9,11,0,3
BRDA:9,11,1,0
BRDA:9,12,0,3
BRDA:9,12,1,3
BRF:29
BRH:23
end_of_record
TN:
SF:Y:\sam-ui-elements\test-app\src\components\ui-kit\components\comments\comment\index.ts
FNF:0
FNH:0
DA:2,1
DA:3,1
DA:4,1
LF:3
LH:3
BRF:0
BRH:0
end_of_record
TN:
SF:Y:\sam-ui-elements\test-app\src\components\ui-kit\components\data-table\cell.component.ts
FN:2,(anonymous_0)
FN:4,(anonymous_1)
FN:5,(anonymous_2)
FN:6,(anonymous_3)
FN:8,__
FN:12,(anonymous_5)
FN:18,(anonymous_6)
FN:29,(anonymous_7)
FN:31,SamHeaderCellDirective
FN:66,(anonymous_9)
FN:68,SamCellDirective
FNF:11
FNH:8
FNDA:1,(anonymous_0)
FNDA:0,(anonymous_1)
FNDA:0,(anonymous_2)
FNDA:2,(anonymous_3)
FNDA:2,__
FNDA:7,(anonymous_5)
FNDA:7,(anonymous_6)
FNDA:1,(anonymous_7)
FNDA:53,SamHeaderCellDirective
FNDA:1,(anonymous_9)
FNDA:0,SamCellDirective
DA:2,1
DA:3,1
DA:4,0
DA:5,0
DA:6,1
DA:7,2
DA:8,2
DA:9,2
DA:12,1
DA:13,7
DA:14,7
DA:15,14
DA:16,7
DA:18,1
DA:19,7
DA:21,1
DA:22,1
DA:23,1
DA:25,1
DA:26,1
DA:29,1
DA:30,1
DA:32,53
DA:33,53
DA:34,53
DA:35,53
DA:36,53
DA:37,53
DA:39,1
DA:43,1
DA:47,1
DA:51,1
DA:61,1
DA:63,1
DA:66,1
DA:67,1
DA:69,0
DA:70,0
DA:71,0
DA:72,0
DA:73,0
DA:75,1
DA:79,1
DA:83,1
DA:93,1
DA:95,1
LF:46
LH:39
BRDA:2,0,0,1
BRDA:2,0,1,1
BRDA:2,0,2,1
BRDA:3,1,0,1
BRDA:3,1,1,0
BRDA:3,1,2,0
BRDA:3,1,3,0
BRDA:5,2,0,0
BRDA:5,2,1,0
BRDA:9,3,0,0
BRDA:9,3,1,2
BRDA:12,4,0,1
BRDA:12,4,1,1
BRDA:12,4,2,1
BRDA:13,5,0,2
BRDA:13,5,1,5
BRDA:13,6,0,0
BRDA:13,6,1,5
BRDA:14,7,0,0
BRDA:14,7,1,7
BRDA:14,8,0,7
BRDA:14,8,1,7
BRDA:15,9,0,14
BRDA:15,9,1,0
BRDA:15,10,0,14
BRDA:15,10,1,12
BRDA:15,11,0,4
BRDA:15,11,1,10
BRDA:15,12,0,10
BRDA:15,12,1,0
BRDA:16,13,0,7
BRDA:16,13,1,5
BRDA:16,13,2,0
BRDA:18,14,0,1
BRDA:18,14,1,1
BRDA:18,14,2,1
BRDA:19,15,0,7
BRDA:19,15,1,0
BRDA:19,16,0,7
BRDA:19,16,1,7
BRDA:32,17,0,53
BRDA:32,17,1,53
BRDA:69,18,0,0
BRDA:69,18,1,0
BRF:44
BRH:30
end_of_record
TN:
SF:Y:\sam-ui-elements\test-app\src\components\ui-kit\components\data-table\data-table.component.ts
FN:2,(anonymous_0)
FN:4,(anonymous_1)
FN:5,(anonymous_2)
FN:6,(anonymous_3)
FN:8,__
FN:12,(anonymous_5)
FN:18,(anonymous_6)
FN:30,(anonymous_7)
FN:32,SamDataTableComponent
FN:38,(anonymous_9)
FNF:10
FNH:8
FNDA:1,(anonymous_0)
FNDA:0,(anonymous_1)
FNDA:0,(anonymous_2)
FNDA:1,(anonymous_3)
FNDA:1,__
FNDA:3,(anonymous_5)
FNDA:2,(anonymous_6)
FNDA:1,(anonymous_7)
FNDA:18,SamDataTableComponent
FNDA:35,(anonymous_9)
DA:2,1
DA:3,1
DA:4,0
DA:5,0
DA:6,1
DA:7,1
DA:8,1
DA:9,1
DA:12,1
DA:13,3
DA:14,3
DA:15,5
DA:16,3
DA:18,1
DA:19,2
DA:21,1
DA:22,1
DA:23,1
DA:25,1
DA:30,1
DA:31,1
DA:33,18
DA:34,18
DA:35,18
DA:36,18
DA:38,1
DA:39,35
DA:40,0
DA:43,1
DA:47,1
DA:51,1
DA:59,1
DA:61,1
LF:33
LH:30
BRDA:2,0,0,1
BRDA:2,0,1,1
BRDA:2,0,2,1
BRDA:3,1,0,1
BRDA:3,1,1,0
BRDA:3,1,2,0
BRDA:3,1,3,0
BRDA:5,2,0,0
BRDA:5,2,1,0
BRDA:9,3,0,0
BRDA:9,3,1,1
BRDA:12,4,0,1
BRDA:12,4,1,1
BRDA:12,4,2,1
BRDA:13,5,0,1
BRDA:13,5,1,2
BRDA:13,6,0,0
BRDA:13,6,1,2
BRDA:14,7,0,0
BRDA:14,7,1,3
BRDA:14,8,0,3
BRDA:14,8,1,3
BRDA:15,9,0,5
BRDA:15,9,1,0
BRDA:15,10,0,5
BRDA:15,10,1,4
BRDA:15,11,0,1
BRDA:15,11,1,4
BRDA:15,12,0,4
BRDA:15,12,1,0
BRDA:16,13,0,3
BRDA:16,13,1,2
BRDA:16,13,2,0
BRDA:18,14,0,1
BRDA:18,14,1,1
BRDA:18,14,2,1
BRDA:19,15,0,2
BRDA:19,15,1,0
BRDA:19,16,0,2
BRDA:19,16,1,2
BRDA:33,17,0,18
BRDA:33,17,1,18
BRDA:33,17,2,18
BRDA:39,18,0,0
BRDA:39,18,1,35
BRF:45
BRH:32
end_of_record
TN:
SF:Y:\sam-ui-elements\test-app\src\components\ui-kit\components\data-table\index.ts
FN:2,(anonymous_0)
FN:8,__export
FN:25,(anonymous_2)
FN:26,SamDataTableModule
FNF:4
FNH:4
FNDA:1,(anonymous_0)
FNDA:5,__export
FNDA:1,(anonymous_2)
FNDA:29,SamDataTableModule
DA:2,1
DA:3,1
DA:4,1
DA:5,1
DA:6,1
DA:9,13
DA:11,1
DA:12,1
DA:13,1
DA:14,1
DA:15,1
DA:16,1
DA:17,1
DA:18,1
DA:19,1
DA:20,1
DA:21,1
DA:22,1
DA:23,1
DA:24,1
DA:25,1
DA:28,1
DA:38,1
DA:40,1
LF:24
LH:24
BRDA:2,0,0,1
BRDA:2,0,1,1
BRDA:2,0,2,1
BRDA:3,1,0,1
BRDA:3,1,1,0
BRDA:3,2,0,0
BRDA:3,2,1,0
BRDA:4,3,0,0
BRDA:4,3,1,1
BRDA:4,4,0,1
BRDA:4,4,1,1
BRDA:5,5,0,1
BRDA:5,5,1,0
BRDA:5,6,0,1
BRDA:5,6,1,0
BRDA:5,7,0,1
BRDA:5,7,1,0
BRDA:5,8,0,0
BRDA:5,8,1,0
BRDA:6,9,0,1
BRDA:6,9,1,0
BRDA:6,9,2,0
BRDA:9,10,0,13
BRDA:9,10,1,0
BRF:24
BRH:12
end_of_record
TN:
SF:Y:\sam-ui-elements\test-app\src\components\ui-kit\components\data-table\row.component.ts
FN:2,(anonymous_0)
FN:4,(anonymous_1)
FN:5,(anonymous_2)
FN:6,(anonymous_3)
FN:8,__
FN:12,(anonymous_5)
FN:18,(anonymous_6)
FN:28,(anonymous_7)
FN:30,SamHeaderRowComponent
FN:55,(anonymous_9)
FN:57,SamRowComponent
FNF:11
FNH:9
FNDA:1,(anonymous_0)
FNDA:0,(anonymous_1)
FNDA:0,(anonymous_2)
FNDA:2,(anonymous_3)
FNDA:2,__
FNDA:6,(anonymous_5)
FNDA:4,(anonymous_6)
FNDA:1,(anonymous_7)
FNDA:17,SamHeaderRowComponent
FNDA:1,(anonymous_9)
FNDA:25,SamRowComponent
DA:2,1
DA:3,1
DA:4,0
DA:5,0
DA:6,1
DA:7,2
DA:8,2
DA:9,2
DA:12,1
DA:13,6
DA:14,6
DA:15,10
DA:16,6
DA:18,1
DA:19,4
DA:21,1
DA:22,1
DA:23,1
DA:25,1
DA:26,1
DA:28,1
DA:29,1
DA:31,17
DA:32,17
DA:33,17
DA:34,17
DA:36,1
DA:40,1
DA:44,1
DA:51,1
DA:53,1
DA:55,1
DA:56,1
DA:58,25
DA:59,25
DA:60,25
DA:61,25
DA:63,1
DA:67,1
DA:71,1
DA:78,1
DA:80,1
LF:42
LH:40
BRDA:2,0,0,1
BRDA:2,0,1,1
BRDA:2,0,2,1
BRDA:3,1,0,1
BRDA:3,1,1,0
BRDA:3,1,2,0
BRDA:3,1,3,0
BRDA:5,2,0,0
BRDA:5,2,1,0
BRDA:9,3,0,0
BRDA:9,3,1,2
BRDA:12,4,0,1
BRDA:12,4,1,1
BRDA:12,4,2,1
BRDA:13,5,0,2
BRDA:13,5,1,4
BRDA:13,6,0,0
BRDA:13,6,1,4
BRDA:14,7,0,0
BRDA:14,7,1,6
BRDA:14,8,0,6
BRDA:14,8,1,6
BRDA:15,9,0,10
BRDA:15,9,1,0
BRDA:15,10,0,10
BRDA:15,10,1,8
BRDA:15,11,0,2
BRDA:15,11,1,8
BRDA:15,12,0,8
BRDA:15,12,1,0
BRDA:16,13,0,6
BRDA:16,13,1,4
BRDA:16,13,2,0
BRDA:18,14,0,1
BRDA:18,14,1,1
BRDA:18,14,2,1
BRDA:19,15,0,4
BRDA:19,15,1,0
BRDA:19,16,0,4
BRDA:19,16,1,4
BRDA:31,17,0,17
BRDA:31,17,1,17
BRDA:31,17,2,17
BRDA:58,18,0,25
BRDA:58,18,1,25
BRDA:58,18,2,25
BRF:46
BRH:34
end_of_record
TN:
SF:Y:\sam-ui-elements\test-app\src\components\ui-kit\components\data-table\sort-header.component.ts
FN:2,(anonymous_0)
FN:8,(anonymous_1)
FN:11,(anonymous_2)
FN:12,(anonymous_3)
FN:22,(anonymous_4)
FN:23,SamSortHeaderIntl
FN:24,(anonymous_6)
FN:28,(anonymous_7)
FN:48,(anonymous_8)
FN:49,SamSortHeaderComponent
FN:63,(anonymous_10)
FN:66,(anonymous_11)
FN:69,(anonymous_12)
FN:75,(anonymous_13)
FN:76,(anonymous_14)
FN:80,(anonymous_15)
FN:86,(anonymous_16)
FN:91,(anonymous_17)
FNF:18
FNH:12
FNDA:8,(anonymous_0)
FNDA:11,(anonymous_1)
FNDA:2,(anonymous_2)
FNDA:2,(anonymous_3)
FNDA:1,(anonymous_4)
FNDA:17,SamSortHeaderIntl
FNDA:53,(anonymous_6)
FNDA:0,(anonymous_7)
FNDA:1,(anonymous_8)
FNDA:53,SamSortHeaderComponent
FNDA:0,(anonymous_10)
FNDA:0,(anonymous_11)
FNDA:0,(anonymous_12)
FNDA:0,(anonymous_13)
FNDA:0,(anonymous_14)
FNDA:53,(anonymous_15)
FNDA:53,(anonymous_16)
FNDA:106,(anonymous_17)
DA:2,1
DA:3,8
DA:4,8
DA:5,22
DA:6,8
DA:8,1
DA:9,11
DA:11,1
DA:12,2
DA:14,1
DA:15,1
DA:16,1
DA:17,1
DA:22,1
DA:24,17
DA:25,53
DA:28,17
DA:29,0
DA:32,1
DA:35,1
DA:37,1
DA:48,1
DA:50,53
DA:51,53
DA:52,53
DA:53,53
DA:55,53
DA:59,53
DA:60,53
DA:63,53
DA:66,1
DA:67,0
DA:69,1
DA:70,0
DA:71,0
DA:74,1
DA:75,0
DA:76,0
DA:80,1
DA:81,53
DA:82,53
DA:84,53
DA:86,1
DA:87,53
DA:88,53
DA:91,1
DA:92,106
DA:94,1
DA:98,1
DA:102,1
DA:106,1
DA:110,1
DA:117,1
DA:123,1
DA:137,1
DA:139,1
LF:56
LH:50
BRDA:2,0,0,1
BRDA:2,0,1,1
BRDA:2,0,2,1
BRDA:3,1,0,2
BRDA:3,1,1,6
BRDA:3,2,0,2
BRDA:3,2,1,4
BRDA:4,3,0,0
BRDA:4,3,1,8
BRDA:4,4,0,8
BRDA:4,4,1,8
BRDA:5,5,0,22
BRDA:5,5,1,0
BRDA:5,6,0,22
BRDA:5,6,1,20
BRDA:5,7,0,5
BRDA:5,7,1,17
BRDA:5,8,0,17
BRDA:5,8,1,0
BRDA:6,9,0,8
BRDA:6,9,1,6
BRDA:6,9,2,2
BRDA:8,10,0,1
BRDA:8,10,1,1
BRDA:8,10,2,1
BRDA:9,11,0,11
BRDA:9,11,1,0
BRDA:9,12,0,11
BRDA:9,12,1,11
BRDA:11,13,0,1
BRDA:11,13,1,1
BRDA:11,13,2,1
BRDA:29,14,0,0
BRDA:29,14,1,0
BRDA:60,15,0,0
BRDA:60,15,1,53
BRDA:70,16,0,0
BRDA:70,16,1,0
BRDA:81,17,0,53
BRDA:81,17,1,0
BRDA:81,18,0,53
BRDA:81,18,1,53
BRDA:92,19,0,106
BRDA:92,19,1,0
BRF:44
BRH:33
end_of_record
TN:
SF:Y:\sam-ui-elements\test-app\src\components\ui-kit\components\data-table\sort.directive.ts
FN:2,(anonymous_0)
FN:8,(anonymous_1)
FN:15,(anonymous_2)
FN:16,SamSortDirective
FN:34,(anonymous_4)
FN:35,(anonymous_5)
FN:43,(anonymous_6)
FN:56,(anonymous_7)
FN:60,(anonymous_8)
FN:71,(anonymous_9)
FN:115,getSortDirectionCycle
FNF:11
FNH:6
FNDA:6,(anonymous_0)
FNDA:6,(anonymous_1)
FNDA:1,(anonymous_2)
FNDA:18,SamSortDirective
FNDA:0,(anonymous_4)
FNDA:0,(anonymous_5)
FNDA:53,(anonymous_6)
FNDA:53,(anonymous_7)
FNDA:0,(anonymous_8)
FNDA:0,(anonymous_9)
FNDA:0,getSortDirectionCycle
DA:2,1
DA:3,6
DA:4,6
DA:5,12
DA:6,6
DA:8,1
DA:9,6
DA:11,1
DA:12,1
DA:13,1
DA:15,1
DA:18,18
DA:23,18
DA:25,18
DA:27,18
DA:29,1
DA:34,0
DA:35,0
DA:43,1
DA:44,53
DA:45,0
DA:47,53
DA:48,0
DA:50,53
DA:56,1
DA:57,53
DA:60,1
DA:61,0
DA:62,0
DA:63,0
DA:66,0
DA:68,0
DA:71,1
DA:72,0
DA:73,0
DA:76,0
DA:77,0
DA:79,0
DA:80,0
DA:81,0
DA:83,0
DA:85,1
DA:89,1
DA:93,1
DA:97,1
DA:102,1
DA:106,1
DA:111,1
DA:113,1
DA:116,0
DA:117,0
DA:118,0
DA:120,0
DA:121,0
DA:123,0
LF:55
LH:32
BRDA:2,0,0,1
BRDA:2,0,1,1
BRDA:2,0,2,1
BRDA:3,1,0,1
BRDA:3,1,1,5
BRDA:3,2,0,1
BRDA:3,2,1,4
BRDA:4,3,0,0
BRDA:4,3,1,6
BRDA:4,4,0,6
BRDA:4,4,1,6
BRDA:5,5,0,12
BRDA:5,5,1,0
BRDA:5,6,0,12
BRDA:5,6,1,11
BRDA:5,7,0,1
BRDA:5,7,1,11
BRDA:5,8,0,11
BRDA:5,8,1,0
BRDA:6,9,0,6
BRDA:6,9,1,5
BRDA:6,9,2,1
BRDA:8,10,0,1
BRDA:8,10,1,1
BRDA:8,10,2,1
BRDA:9,11,0,6
BRDA:9,11,1,0
BRDA:9,12,0,6
BRDA:9,12,1,6
BRDA:44,13,0,0
BRDA:44,13,1,53
BRDA:47,14,0,0
BRDA:47,14,1,53
BRDA:61,15,0,0
BRDA:61,15,1,0
BRDA:63,16,0,0
BRDA:63,16,1,0
BRDA:72,17,0,0
BRDA:72,17,1,0
BRDA:76,18,0,0
BRDA:76,18,1,0
BRDA:77,19,0,0
BRDA:77,19,1,0
BRDA:80,20,0,0
BRDA:80,20,1,0
BRDA:117,21,0,0
BRDA:117,21,1,0
BRDA:120,22,0,0
BRDA:120,22,1,0
BRF:49
BRH:27
end_of_record
TN:
SF:Y:\sam-ui-elements\test-app\src\components\ui-kit\components\download\download.component.ts
FN:2,(anonymous_0)
FN:8,(anonymous_1)
FN:17,(anonymous_2)
FN:18,SamDownloadComponent
FN:28,(anonymous_4)
FN:37,(anonymous_5)
FN:41,(anonymous_6)
FNF:7
FNH:7
FNDA:4,(anonymous_0)
FNDA:3,(anonymous_1)
FNDA:1,(anonymous_2)
FNDA:5,SamDownloadComponent
FNDA:14,(anonymous_4)
FNDA:2,(anonymous_5)
FNDA:36,(anonymous_6)
DA:2,1
DA:3,4
DA:4,4
DA:5,7
DA:6,4
DA:8,1
DA:9,3
DA:11,1
DA:12,1
DA:13,1
DA:17,1
DA:22,5
DA:26,5
DA:28,1
DA:29,14
DA:30,14
DA:31,14
DA:32,13
DA:35,1
DA:37,1
DA:38,2
DA:41,1
DA:42,36
DA:43,12
DA:46,24
DA:49,1
DA:53,1
DA:57,1
DA:61,1
DA:98,1
DA:100,1
LF:31
LH:31
BRDA:2,0,0,1
BRDA:2,0,1,1
BRDA:2,0,2,1
BRDA:3,1,0,1
BRDA:3,1,1,3
BRDA:3,2,0,0
BRDA:3,2,1,3
BRDA:4,3,0,0
BRDA:4,3,1,4
BRDA:4,4,0,4
BRDA:4,4,1,4
BRDA:5,5,0,7
BRDA:5,5,1,0
BRDA:5,6,0,7
BRDA:5,6,1,6
BRDA:5,7,0,1
BRDA:5,7,1,6
BRDA:5,8,0,6
BRDA:5,8,1,0
BRDA:6,9,0,4
BRDA:6,9,1,3
BRDA:6,9,2,0
BRDA:8,10,0,1
BRDA:8,10,1,1
BRDA:8,10,2,1
BRDA:9,11,0,3
BRDA:9,11,1,0
BRDA:9,12,0,3
BRDA:9,12,1,3
BRDA:31,13,0,13
BRDA:31,13,1,1
BRDA:39,14,0,1
BRDA:39,14,1,1
BRDA:42,15,0,12
BRDA:42,15,1,24
BRF:35
BRH:29
end_of_record
TN:
SF:Y:\sam-ui-elements\test-app\src\components\ui-kit\components\download\index.ts
FN:2,(anonymous_0)
FN:13,(anonymous_1)
FN:14,SamDownloadModule
FNF:3
FNH:3
FNDA:1,(anonymous_0)
FNDA:1,(anonymous_1)
FNDA:11,SamDownloadModule
DA:2,1
DA:3,1
DA:4,1
DA:5,1
DA:6,1
DA:8,1
DA:9,1
DA:10,1
DA:11,1
DA:12,1
DA:13,1
DA:16,1
DA:23,1
DA:25,1
DA:26,1
DA:27,1
LF:16
LH:16
BRDA:2,0,0,1
BRDA:2,0,1,1
BRDA:2,0,2,1
BRDA:3,1,0,1
BRDA:3,1,1,0
BRDA:3,2,0,0
BRDA:3,2,1,0
BRDA:4,3,0,0
BRDA:4,3,1,1
BRDA:4,4,0,1
BRDA:4,4,1,1
BRDA:5,5,0,1
BRDA:5,5,1,0
BRDA:5,6,0,1
BRDA:5,6,1,0
BRDA:5,7,0,1
BRDA:5,7,1,0
BRDA:5,8,0,0
BRDA:5,8,1,0
BRDA:6,9,0,1
BRDA:6,9,1,0
BRDA:6,9,2,0
BRF:22
BRH:11
end_of_record
TN:
SF:Y:\sam-ui-elements\test-app\src\components\ui-kit\components\header\header.component.ts
FN:2,(anonymous_0)
FN:8,(anonymous_1)
FN:17,(anonymous_2)
FN:18,SamHeaderComponent
FN:24,(anonymous_4)
FN:28,(anonymous_5)
FNF:6
FNH:5
FNDA:2,(anonymous_0)
FNDA:1,(anonymous_1)
FNDA:1,(anonymous_2)
FNDA:2,SamHeaderComponent
FNDA:1,(anonymous_4)
FNDA:0,(anonymous_5)
DA:2,1
DA:3,2
DA:4,2
DA:5,3
DA:6,2
DA:8,1
DA:9,1
DA:11,1
DA:12,1
DA:17,1
DA:22,2
DA:24,1
DA:25,1
DA:28,1
DA:29,0
DA:30,0
DA:32,1
DA:36,1
DA:42,1
DA:44,1
LF:20
LH:18
BRDA:2,0,0,1
BRDA:2,0,1,1
BRDA:2,0,2,1
BRDA:3,1,0,1
BRDA:3,1,1,1
BRDA:3,2,0,0
BRDA:3,2,1,1
BRDA:4,3,0,0
BRDA:4,3,1,2
BRDA:4,4,0,2
BRDA:4,4,1,2
BRDA:5,5,0,3
BRDA:5,5,1,0
BRDA:5,6,0,3
BRDA:5,6,1,2
BRDA:5,7,0,1
BRDA:5,7,1,2
BRDA:5,8,0,2
BRDA:5,8,1,0
BRDA:6,9,0,2
BRDA:6,9,1,1
BRDA:6,9,2,0
BRDA:8,10,0,1
BRDA:8,10,1,1
BRDA:8,10,2,1
BRDA:9,11,0,1
BRDA:9,11,1,0
BRDA:9,12,0,1
BRDA:9,12,1,1
BRF:29
BRH:23
end_of_record
TN:
SF:Y:\sam-ui-elements\test-app\src\components\ui-kit\components\header\index.ts
FN:2,(anonymous_0)
FN:12,(anonymous_1)
FN:13,SamHeaderModule
FNF:3
FNH:3
FNDA:1,(anonymous_0)
FNDA:1,(anonymous_1)
FNDA:11,SamHeaderModule
DA:2,1
DA:3,1
DA:4,1
DA:5,1
DA:6,1
DA:8,1
DA:9,1
DA:10,1
DA:11,1
DA:12,1
DA:15,1
DA:22,1
DA:24,1
DA:25,1
DA:26,1
LF:15
LH:15
BRDA:2,0,0,1
BRDA:2,0,1,1
BRDA:2,0,2,1
BRDA:3,1,0,1
BRDA:3,1,1,0
BRDA:3,2,0,0
BRDA:3,2,1,0
BRDA:4,3,0,0
BRDA:4,3,1,1
BRDA:4,4,0,1
BRDA:4,4,1,1
BRDA:5,5,0,1
BRDA:5,5,1,0
BRDA:5,6,0,1
BRDA:5,6,1,0
BRDA:5,7,0,1
BRDA:5,7,1,0
BRDA:5,8,0,0
BRDA:5,8,1,0
BRDA:6,9,0,1
BRDA:6,9,1,0
BRDA:6,9,2,0
BRF:22
BRH:11
end_of_record
TN:
SF:Y:\sam-ui-elements\test-app\src\components\ui-kit\components\history\history.component.ts
FN:2,(anonymous_0)
FN:8,(anonymous_1)
FN:13,(anonymous_2)
FN:14,SamHistoryComponent
FNF:4
FNH:4
FNDA:4,(anonymous_0)
FNDA:3,(anonymous_1)
FNDA:1,(anonymous_2)
FNDA:2,SamHistoryComponent
DA:2,1
DA:3,4
DA:4,4
DA:5,7
DA:6,4
DA:8,1
DA:9,3
DA:11,1
DA:12,1
DA:13,1
DA:16,1
DA:20,1
DA:24,1
DA:28,1
DA:34,1
DA:36,1
LF:16
LH:16
BRDA:2,0,0,1
BRDA:2,0,1,1
BRDA:2,0,2,1
BRDA:3,1,0,1
BRDA:3,1,1,3
BRDA:3,2,0,0
BRDA:3,2,1,3
BRDA:4,3,0,0
BRDA:4,3,1,4
BRDA:4,4,0,4
BRDA:4,4,1,4
BRDA:5,5,0,7
BRDA:5,5,1,0
BRDA:5,6,0,7
BRDA:5,6,1,6
BRDA:5,7,0,1
BRDA:5,7,1,6
BRDA:5,8,0,6
BRDA:5,8,1,0
BRDA:6,9,0,4
BRDA:6,9,1,3
BRDA:6,9,2,0
BRDA:8,10,0,1
BRDA:8,10,1,1
BRDA:8,10,2,1
BRDA:9,11,0,3
BRDA:9,11,1,0
BRDA:9,12,0,3
BRDA:9,12,1,3
BRF:29
BRH:23
end_of_record
TN:
SF:Y:\sam-ui-elements\test-app\src\components\ui-kit\components\history\index.ts
FN:2,(anonymous_0)
FN:13,(anonymous_1)
FN:14,SamHistoryModule
FNF:3
FNH:3
FNDA:1,(anonymous_0)
FNDA:1,(anonymous_1)
FNDA:11,SamHistoryModule
DA:2,1
DA:3,1
DA:4,1
DA:5,1
DA:6,1
DA:8,1
DA:9,1
DA:10,1
DA:11,1
DA:12,1
DA:13,1
DA:16,1
DA:23,1
DA:25,1
DA:26,1
DA:27,1
LF:16
LH:16
BRDA:2,0,0,1
BRDA:2,0,1,1
BRDA:2,0,2,1
BRDA:3,1,0,1
BRDA:3,1,1,0
BRDA:3,2,0,0
BRDA:3,2,1,0
BRDA:4,3,0,0
BRDA:4,3,1,1
BRDA:4,4,0,1
BRDA:4,4,1,1
BRDA:5,5,0,1
BRDA:5,5,1,0
BRDA:5,6,0,1
BRDA:5,6,1,0
BRDA:5,7,0,1
BRDA:5,7,1,0
BRDA:5,8,0,0
BRDA:5,8,1,0
BRDA:6,9,0,1
BRDA:6,9,1,0
BRDA:6,9,2,0
BRF:22
BRH:11
end_of_record
TN:
SF:Y:\sam-ui-elements\test-app\src\components\ui-kit\components\image\image.component.ts
FN:2,(anonymous_0)
FN:8,(anonymous_1)
FN:14,(anonymous_2)
FN:15,SamImageComponent
FN:31,(anonymous_4)
FN:41,(anonymous_5)
FN:48,(anonymous_6)
FN:52,(anonymous_7)
FN:57,(anonymous_8)
FN:60,(anonymous_9)
FN:63,(anonymous_10)
FN:71,(anonymous_11)
FN:74,(anonymous_12)
FN:79,(anonymous_13)
FN:83,(anonymous_14)
FN:86,(anonymous_15)
FN:89,(anonymous_16)
FN:96,(anonymous_17)
FN:104,(anonymous_18)
FN:107,(anonymous_19)
FN:110,(anonymous_20)
FN:114,(anonymous_21)
FN:118,(anonymous_22)
FN:122,(anonymous_23)
FNF:24
FNH:11
FNDA:11,(anonymous_0)
FNDA:10,(anonymous_1)
FNDA:1,(anonymous_2)
FNDA:2,SamImageComponent
FNDA:2,(anonymous_4)
FNDA:0,(anonymous_5)
FNDA:0,(anonymous_6)
FNDA:0,(anonymous_7)
FNDA:0,(anonymous_8)
FNDA:0,(anonymous_9)
FNDA:0,(anonymous_10)
FNDA:0,(anonymous_11)
FNDA:0,(anonymous_12)
FNDA:0,(anonymous_13)
FNDA:16,(anonymous_14)
FNDA:0,(anonymous_15)
FNDA:24,(anonymous_16)
FNDA:8,(anonymous_17)
FNDA:8,(anonymous_18)
FNDA:8,(anonymous_19)
FNDA:16,(anonymous_20)
FNDA:0,(anonymous_21)
FNDA:0,(anonymous_22)
FNDA:0,(anonymous_23)
DA:2,1
DA:3,11
DA:4,11
DA:5,21
DA:6,11
DA:8,1
DA:9,10
DA:11,1
DA:12,1
DA:13,1
DA:14,1
DA:19,2
DA:23,2
DA:27,2
DA:28,2
DA:29,2
DA:31,1
DA:32,2
DA:33,2
DA:35,2
DA:37,2
DA:39,2
DA:41,2
DA:42,0
DA:44,2
DA:49,0
DA:50,0
DA:53,0
DA:55,2
DA:58,0
DA:59,0
DA:60,0
DA:61,2
DA:64,0
DA:65,0
DA:66,0
DA:67,0
DA:68,0
DA:69,0
DA:71,0
DA:72,2
DA:75,0
DA:76,0
DA:78,0
DA:80,0
DA:83,1
DA:84,16
DA:86,1
DA:87,0
DA:89,1
DA:90,24
DA:91,24
DA:92,0
DA:94,24
DA:96,1
DA:97,8
DA:98,8
DA:99,8
DA:102,8
DA:104,1
DA:105,8
DA:107,1
DA:108,8
DA:110,1
DA:111,16
DA:114,1
DA:115,0
DA:116,0
DA:118,1
DA:119,0
DA:120,0
DA:122,1
DA:123,0
DA:124,0
DA:125,0
DA:126,0
DA:127,0
DA:128,0
DA:130,0
DA:133,1
DA:137,1
DA:141,1
DA:145,1
DA:149,1
DA:153,1
DA:157,1
DA:161,1
DA:165,1
DA:169,1
DA:173,1
DA:179,1
DA:181,1
LF:92
LH:61
BRDA:2,0,0,1
BRDA:2,0,1,1
BRDA:2,0,2,1
BRDA:3,1,0,1
BRDA:3,1,1,10
BRDA:3,2,0,0
BRDA:3,2,1,10
BRDA:4,3,0,0
BRDA:4,3,1,11
BRDA:4,4,0,11
BRDA:4,4,1,11
BRDA:5,5,0,21
BRDA:5,5,1,0
BRDA:5,6,0,21
BRDA:5,6,1,20
BRDA:5,7,0,1
BRDA:5,7,1,20
BRDA:5,8,0,20
BRDA:5,8,1,0
BRDA:6,9,0,11
BRDA:6,9,1,10
BRDA:6,9,2,0
BRDA:8,10,0,1
BRDA:8,10,1,1
BRDA:8,10,2,1
BRDA:9,11,0,10
BRDA:9,11,1,0
BRDA:9,12,0,10
BRDA:9,12,1,10
BRDA:49,13,0,0
BRDA:49,13,1,0
BRDA:64,14,0,0
BRDA:64,14,1,0
BRDA:75,15,0,0
BRDA:75,15,1,0
BRDA:75,16,0,0
BRDA:75,16,1,0
BRDA:84,17,0,16
BRDA:84,17,1,12
BRDA:91,18,0,0
BRDA:91,18,1,24
BRDA:99,19,0,0
BRDA:99,19,1,8
BRDA:99,20,0,8
BRDA:99,20,1,0
BRDA:102,21,0,8
BRDA:102,21,1,8
BRDA:105,22,0,0
BRDA:105,22,1,8
BRDA:108,23,0,8
BRDA:108,23,1,8
BRDA:125,24,0,0
BRDA:125,24,1,0
BRDA:127,25,0,0
BRDA:127,25,1,0
BRDA:127,26,0,0
BRDA:127,26,1,0
BRF:57
BRH:33
end_of_record
TN:
SF:Y:\sam-ui-elements\test-app\src\components\ui-kit\components\image\image.module.ts
FN:2,(anonymous_0)
FN:13,(anonymous_1)
FN:14,SamImageModule
FNF:3
FNH:3
FNDA:1,(anonymous_0)
FNDA:1,(anonymous_1)
FNDA:11,SamImageModule
DA:2,1
DA:3,1
DA:4,1
DA:5,1
DA:6,1
DA:8,1
DA:9,1
DA:10,1
DA:11,1
DA:12,1
DA:13,1
DA:16,1
DA:30,1
DA:32,1
LF:14
LH:14
BRDA:2,0,0,1
BRDA:2,0,1,1
BRDA:2,0,2,1
BRDA:3,1,0,1
BRDA:3,1,1,0
BRDA:3,2,0,0
BRDA:3,2,1,0
BRDA:4,3,0,0
BRDA:4,3,1,1
BRDA:4,4,0,1
BRDA:4,4,1,1
BRDA:5,5,0,1
BRDA:5,5,1,0
BRDA:5,6,0,1
BRDA:5,6,1,0
BRDA:5,7,0,1
BRDA:5,7,1,0
BRDA:5,8,0,0
BRDA:5,8,1,0
BRDA:6,9,0,1
BRDA:6,9,1,0
BRDA:6,9,2,0
BRF:22
BRH:11
end_of_record
TN:
SF:Y:\sam-ui-elements\test-app\src\components\ui-kit\components\image\index.ts
FNF:0
FNH:0
DA:2,1
DA:3,1
DA:4,1
DA:5,1
DA:6,1
LF:5
LH:5
BRF:0
BRH:0
end_of_record
TN:
SF:Y:\sam-ui-elements\test-app\src\components\ui-kit\components\modal\index.ts
FN:2,(anonymous_0)
FN:14,(anonymous_1)
FN:15,SamModalModule
FNF:3
FNH:3
FNDA:1,(anonymous_0)
FNDA:1,(anonymous_1)
FNDA:40,SamModalModule
DA:2,1
DA:3,1
DA:4,1
DA:5,1
DA:6,1
DA:8,1
DA:9,1
DA:10,1
DA:11,1
DA:12,1
DA:13,1
DA:14,1
DA:17,1
DA:24,1
DA:26,1
DA:27,1
DA:28,1
LF:17
LH:17
BRDA:2,0,0,1
BRDA:2,0,1,1
BRDA:2,0,2,1
BRDA:3,1,0,1
BRDA:3,1,1,0
BRDA:3,2,0,0
BRDA:3,2,1,0
BRDA:4,3,0,0
BRDA:4,3,1,1
BRDA:4,4,0,1
BRDA:4,4,1,1
BRDA:5,5,0,1
BRDA:5,5,1,0
BRDA:5,6,0,1
BRDA:5,6,1,0
BRDA:5,7,0,1
BRDA:5,7,1,0
BRDA:5,8,0,0
BRDA:5,8,1,0
BRDA:6,9,0,1
BRDA:6,9,1,0
BRDA:6,9,2,0
BRF:22
BRH:11
end_of_record
TN:
SF:Y:\sam-ui-elements\test-app\src\components\ui-kit\components\modal\modal.component.ts
FN:2,(anonymous_0)
FN:8,(anonymous_1)
FN:17,(anonymous_2)
FN:18,SamModalComponent
FN:95,(anonymous_4)
FN:103,(anonymous_5)
FN:126,(anonymous_6)
FN:133,(anonymous_7)
FN:143,(anonymous_8)
FN:151,(anonymous_9)
FN:154,(anonymous_10)
FN:163,(anonymous_11)
FN:184,(anonymous_12)
FN:202,(anonymous_13)
FN:206,(anonymous_14)
FN:210,(anonymous_15)
FN:215,(anonymous_16)
FN:218,(anonymous_17)
FN:226,(anonymous_18)
FN:231,(anonymous_19)
FNF:20
FNH:16
FNDA:20,(anonymous_0)
FNDA:20,(anonymous_1)
FNDA:1,(anonymous_2)
FNDA:15,SamModalComponent
FNDA:15,(anonymous_4)
FNDA:3,(anonymous_5)
FNDA:6,(anonymous_6)
FNDA:4,(anonymous_7)
FNDA:15,(anonymous_8)
FNDA:28,(anonymous_9)
FNDA:15,(anonymous_10)
FNDA:3,(anonymous_11)
FNDA:2,(anonymous_12)
FNDA:0,(anonymous_13)
FNDA:0,(anonymous_14)
FNDA:0,(anonymous_15)
FNDA:0,(anonymous_16)
FNDA:15,(anonymous_17)
FNDA:2,(anonymous_18)
FNDA:3,(anonymous_19)
DA:2,1
DA:3,20
DA:4,20
DA:5,40
DA:6,20
DA:8,1
DA:9,20
DA:11,1
DA:12,1
DA:13,1
DA:17,1
DA:19,15
DA:20,15
DA:24,15
DA:28,15
DA:32,15
DA:36,15
DA:40,15
DA:44,15
DA:48,15
DA:52,15
DA:56,15
DA:60,15
DA:64,15
DA:68,15
DA:72,15
DA:73,15
DA:74,15
DA:83,15
DA:84,15
DA:85,15
DA:87,15
DA:88,15
DA:93,15
DA:95,1
DA:97,15
DA:98,15
DA:99,15
DA:101,15
DA:103,1
DA:104,3
DA:105,3
DA:107,3
DA:109,3
DA:110,6
DA:111,6
DA:114,3
DA:115,0
DA:118,3
DA:119,3
DA:120,3
DA:121,0
DA:123,3
DA:126,1
DA:127,6
DA:128,1
DA:130,6
DA:131,6
DA:133,1
DA:134,4
DA:135,1
DA:136,1
DA:139,3
DA:141,4
DA:143,1
DA:148,15
DA:149,15
DA:151,1
DA:152,28
DA:154,1
DA:155,15
DA:156,0
DA:158,15
DA:159,0
DA:161,15
DA:163,1
DA:164,3
DA:165,3
DA:166,1
DA:168,3
DA:169,0
DA:171,3
DA:172,3
DA:173,3
DA:174,3
DA:175,3
DA:177,3
DA:180,3
DA:181,3
DA:184,1
DA:185,2
DA:186,2
DA:187,2
DA:188,2
DA:189,2
DA:190,2
DA:192,2
DA:194,2
DA:195,4
DA:197,2
DA:198,0
DA:202,1
DA:203,0
DA:204,0
DA:206,1
DA:210,1
DA:215,1
DA:216,0
DA:218,1
DA:219,15
DA:220,0
DA:221,0
DA:222,0
DA:226,1
DA:227,2
DA:228,2
DA:231,1
DA:232,3
DA:233,3
DA:235,1
DA:239,1
DA:243,1
DA:247,1
DA:251,1
DA:255,1
DA:259,1
DA:263,1
DA:267,1
DA:271,1
DA:275,1
DA:279,1
DA:283,1
DA:287,1
DA:291,1
DA:295,1
DA:299,1
DA:303,1
DA:307,1
DA:311,1
DA:318,1
DA:320,1
LF:141
LH:129
BRDA:2,0,0,1
BRDA:2,0,1,1
BRDA:2,0,2,1
BRDA:3,1,0,1
BRDA:3,1,1,19
BRDA:3,2,0,0
BRDA:3,2,1,19
BRDA:4,3,0,0
BRDA:4,3,1,20
BRDA:4,4,0,20
BRDA:4,4,1,20
BRDA:5,5,0,40
BRDA:5,5,1,0
BRDA:5,6,0,40
BRDA:5,6,1,39
BRDA:5,7,0,2
BRDA:5,7,1,38
BRDA:5,8,0,38
BRDA:5,8,1,0
BRDA:6,9,0,20
BRDA:6,9,1,19
BRDA:6,9,2,0
BRDA:8,10,0,1
BRDA:8,10,1,1
BRDA:8,10,2,1
BRDA:9,11,0,20
BRDA:9,11,1,0
BRDA:9,12,0,20
BRDA:9,12,1,20
BRDA:98,13,0,15
BRDA:98,13,1,0
BRDA:104,14,0,3
BRDA:104,14,1,0
BRDA:110,15,0,6
BRDA:110,15,1,0
BRDA:118,16,0,3
BRDA:118,16,1,0
BRDA:120,17,0,0
BRDA:120,17,1,3
BRDA:127,18,0,1
BRDA:127,18,1,5
BRDA:134,19,0,1
BRDA:134,19,1,3
BRDA:155,20,0,0
BRDA:155,20,1,15
BRDA:155,21,0,15
BRDA:155,21,1,15
BRDA:158,22,0,0
BRDA:158,22,1,15
BRDA:168,23,0,0
BRDA:168,23,1,3
BRDA:175,24,0,3
BRDA:175,24,1,0
BRDA:175,25,0,3
BRDA:175,25,1,3
BRDA:185,26,0,2
BRDA:185,26,1,0
BRDA:188,27,0,2
BRDA:188,27,1,0
BRDA:219,28,0,0
BRDA:219,28,1,15
BRF:61
BRH:43
end_of_record
TN:
SF:Y:\sam-ui-elements\test-app\src\components\ui-kit\components\multiselect-dropdown\index.ts
FN:2,(anonymous_0)
FN:14,(anonymous_1)
FN:15,SamMultiSelectDropdownModule
FNF:3
FNH:3
FNDA:1,(anonymous_0)
FNDA:1,(anonymous_1)
FNDA:11,SamMultiSelectDropdownModule
DA:2,1
DA:3,1
DA:4,1
DA:5,1
DA:6,1
DA:8,1
DA:9,1
DA:10,1
DA:11,1
DA:12,1
DA:13,1
DA:14,1
DA:17,1
DA:24,1
DA:26,1
DA:27,1
DA:28,1
LF:17
LH:17
BRDA:2,0,0,1
BRDA:2,0,1,1
BRDA:2,0,2,1
BRDA:3,1,0,1
BRDA:3,1,1,0
BRDA:3,2,0,0
BRDA:3,2,1,0
BRDA:4,3,0,0
BRDA:4,3,1,1
BRDA:4,4,0,1
BRDA:4,4,1,1
BRDA:5,5,0,1
BRDA:5,5,1,0
BRDA:5,6,0,1
BRDA:5,6,1,0
BRDA:5,7,0,1
BRDA:5,7,1,0
BRDA:5,8,0,0
BRDA:5,8,1,0
BRDA:6,9,0,1
BRDA:6,9,1,0
BRDA:6,9,2,0
BRF:22
BRH:11
end_of_record
TN:
SF:Y:\sam-ui-elements\test-app\src\components\ui-kit\components\multiselect-dropdown\multiselect-dropdown.component.ts
FN:2,(anonymous_0)
FN:8,(anonymous_1)
FN:17,(anonymous_2)
FN:18,SamMultiSelectDropdownComponent
FN:32,(anonymous_4)
FN:35,(anonymous_5)
FN:53,(anonymous_6)
FN:54,(anonymous_7)
FN:59,(anonymous_8)
FN:68,(anonymous_9)
FN:76,(anonymous_10)
FN:81,(anonymous_11)
FNF:12
FNH:8
FNDA:11,(anonymous_0)
FNDA:10,(anonymous_1)
FNDA:1,(anonymous_2)
FNDA:4,SamMultiSelectDropdownComponent
FNDA:4,(anonymous_4)
FNDA:4,(anonymous_5)
FNDA:1,(anonymous_6)
FNDA:2,(anonymous_7)
FNDA:0,(anonymous_8)
FNDA:0,(anonymous_9)
FNDA:0,(anonymous_10)
FNDA:0,(anonymous_11)
DA:2,1
DA:3,11
DA:4,11
DA:5,21
DA:6,11
DA:8,1
DA:9,10
DA:11,1
DA:12,1
DA:17,1
DA:22,4
DA:26,4
DA:30,4
DA:32,1
DA:33,4
DA:35,1
DA:36,4
DA:37,1
DA:39,3
DA:40,1
DA:42,2
DA:44,1
DA:46,1
DA:47,1
DA:50,0
DA:53,1
DA:54,2
DA:55,1
DA:56,1
DA:59,1
DA:60,0
DA:61,0
DA:62,0
DA:68,1
DA:69,0
DA:70,0
DA:72,0
DA:76,1
DA:77,0
DA:78,0
DA:81,1
DA:82,0
DA:83,0
DA:85,1
DA:89,1
DA:93,1
DA:97,1
DA:101,1
DA:105,1
DA:109,1
DA:113,1
DA:117,1
DA:121,1
DA:125,1
DA:131,1
DA:133,1
LF:56
LH:45
BRDA:2,0,0,1
BRDA:2,0,1,1
BRDA:2,0,2,1
BRDA:3,1,0,1
BRDA:3,1,1,10
BRDA:3,2,0,0
BRDA:3,2,1,10
BRDA:4,3,0,0
BRDA:4,3,1,11
BRDA:4,4,0,11
BRDA:4,4,1,11
BRDA:5,5,0,21
BRDA:5,5,1,0
BRDA:5,6,0,21
BRDA:5,6,1,20
BRDA:5,7,0,1
BRDA:5,7,1,20
BRDA:5,8,0,20
BRDA:5,8,1,0
BRDA:6,9,0,11
BRDA:6,9,1,10
BRDA:6,9,2,0
BRDA:8,10,0,1
BRDA:8,10,1,1
BRDA:8,10,2,1
BRDA:9,11,0,10
BRDA:9,11,1,0
BRDA:9,12,0,10
BRDA:9,12,1,10
BRDA:36,13,0,1
BRDA:36,13,1,3
BRDA:39,14,0,1
BRDA:39,14,1,2
BRDA:42,15,0,1
BRDA:42,15,1,1
BRDA:42,16,0,2
BRDA:42,16,1,2
BRDA:46,17,0,1
BRDA:46,17,1,0
BRDA:55,18,0,1
BRDA:55,18,1,0
BRDA:60,19,0,0
BRDA:60,19,1,0
BRDA:63,20,0,0
BRDA:63,20,1,0
BRDA:72,21,0,0
BRDA:72,21,1,0
BRDA:72,21,2,0
BRDA:77,22,0,0
BRDA:77,22,1,0
BRF:50
BRH:33
end_of_record
TN:
SF:Y:\sam-ui-elements\test-app\src\components\ui-kit\components\page-title\index.ts
FN:2,__export
FNF:1
FNH:1
FNDA:2,__export
DA:3,2
DA:5,1
DA:6,1
DA:7,1
LF:4
LH:4
BRDA:3,0,0,2
BRDA:3,0,1,0
BRF:2
BRH:1
end_of_record
TN:
SF:Y:\sam-ui-elements\test-app\src\components\ui-kit\components\page-title\page-title.component.ts
FN:2,(anonymous_0)
FN:8,(anonymous_1)
FN:13,(anonymous_2)
FN:14,SamPageTitle
FNF:4
FNH:4
FNDA:6,(anonymous_0)
FNDA:5,(anonymous_1)
FNDA:1,(anonymous_2)
FNDA:1,SamPageTitle
DA:2,1
DA:3,6
DA:4,6
DA:5,11
DA:6,6
DA:8,1
DA:9,5
DA:11,1
DA:12,1
DA:13,1
DA:18,1
DA:22,1
DA:24,1
DA:28,1
DA:32,1
DA:36,1
DA:40,1
DA:44,1
DA:50,1
DA:52,1
LF:20
LH:20
BRDA:2,0,0,1
BRDA:2,0,1,1
BRDA:2,0,2,1
BRDA:3,1,0,1
BRDA:3,1,1,5
BRDA:3,2,0,0
BRDA:3,2,1,5
BRDA:4,3,0,0
BRDA:4,3,1,6
BRDA:4,4,0,6
BRDA:4,4,1,6
BRDA:5,5,0,11
BRDA:5,5,1,0
BRDA:5,6,0,11
BRDA:5,6,1,10
BRDA:5,7,0,1
BRDA:5,7,1,10
BRDA:5,8,0,10
BRDA:5,8,1,0
BRDA:6,9,0,6
BRDA:6,9,1,5
BRDA:6,9,2,0
BRDA:8,10,0,1
BRDA:8,10,1,1
BRDA:8,10,2,1
BRDA:9,11,0,5
BRDA:9,11,1,0
BRDA:9,12,0,5
BRDA:9,12,1,5
BRF:29
BRH:23
end_of_record
TN:
SF:Y:\sam-ui-elements\test-app\src\components\ui-kit\components\page-title\page-title.module.ts
FN:2,(anonymous_0)
FN:12,(anonymous_1)
FN:13,SamPageTitleModule
FNF:3
FNH:3
FNDA:1,(anonymous_0)
FNDA:1,(anonymous_1)
FNDA:11,SamPageTitleModule
DA:2,1
DA:3,1
DA:4,1
DA:5,1
DA:6,1
DA:8,1
DA:9,1
DA:10,1
DA:11,1
DA:12,1
DA:15,1
DA:22,1
DA:24,1
LF:13
LH:13
BRDA:2,0,0,1
BRDA:2,0,1,1
BRDA:2,0,2,1
BRDA:3,1,0,1
BRDA:3,1,1,0
BRDA:3,2,0,0
BRDA:3,2,1,0
BRDA:4,3,0,0
BRDA:4,3,1,1
BRDA:4,4,0,1
BRDA:4,4,1,1
BRDA:5,5,0,1
BRDA:5,5,1,0
BRDA:5,6,0,1
BRDA:5,6,1,0
BRDA:5,7,0,1
BRDA:5,7,1,0
BRDA:5,8,0,0
BRDA:5,8,1,0
BRDA:6,9,0,1
BRDA:6,9,1,0
BRDA:6,9,2,0
BRF:22
BRH:11
end_of_record
TN:
SF:Y:\sam-ui-elements\test-app\src\components\ui-kit\components\pagination\index.ts
FN:2,(anonymous_0)
FN:12,(anonymous_1)
FN:13,SamPaginationModule
FNF:3
FNH:3
FNDA:1,(anonymous_0)
FNDA:1,(anonymous_1)
FNDA:11,SamPaginationModule
DA:2,1
DA:3,1
DA:4,1
DA:5,1
DA:6,1
DA:8,1
DA:9,1
DA:10,1
DA:11,1
DA:12,1
DA:15,1
DA:22,1
DA:24,1
DA:25,1
DA:26,1
LF:15
LH:15
BRDA:2,0,0,1
BRDA:2,0,1,1
BRDA:2,0,2,1
BRDA:3,1,0,1
BRDA:3,1,1,0
BRDA:3,2,0,0
BRDA:3,2,1,0
BRDA:4,3,0,0
BRDA:4,3,1,1
BRDA:4,4,0,1
BRDA:4,4,1,1
BRDA:5,5,0,1
BRDA:5,5,1,0
BRDA:5,6,0,1
BRDA:5,6,1,0
BRDA:5,7,0,1
BRDA:5,7,1,0
BRDA:5,8,0,0
BRDA:5,8,1,0
BRDA:6,9,0,1
BRDA:6,9,1,0
BRDA:6,9,2,0
BRF:22
BRH:11
end_of_record
TN:
SF:Y:\sam-ui-elements\test-app\src\components\ui-kit\components\pagination\pagination.component.ts
FN:2,(anonymous_0)
FN:8,(anonymous_1)
FN:16,(anonymous_2)
FN:17,SamPaginationComponent
FN:30,(anonymous_4)
FN:56,(anonymous_5)
FN:60,(anonymous_6)
FN:63,(anonymous_7)
FN:66,(anonymous_8)
FN:69,(anonymous_9)
FN:72,(anonymous_10)
FN:75,(anonymous_11)
FN:78,(anonymous_12)
FN:81,(anonymous_13)
FN:84,(anonymous_14)
FNF:15
FNH:12
FNDA:5,(anonymous_0)
FNDA:4,(anonymous_1)
FNDA:1,(anonymous_2)
FNDA:9,SamPaginationComponent
FNDA:16,(anonymous_4)
FNDA:0,(anonymous_5)
FNDA:0,(anonymous_6)
FNDA:0,(anonymous_7)
FNDA:16,(anonymous_8)
FNDA:16,(anonymous_9)
FNDA:16,(anonymous_10)
FNDA:16,(anonymous_11)
FNDA:16,(anonymous_12)
FNDA:118,(anonymous_13)
FNDA:118,(anonymous_14)
DA:2,1
DA:3,5
DA:4,5
DA:5,9
DA:6,5
DA:8,1
DA:9,4
DA:11,1
DA:12,1
DA:16,1
DA:18,9
DA:19,9
DA:20,9
DA:24,9
DA:28,9
DA:30,1
DA:31,16
DA:32,16
DA:35,16
DA:37,8
DA:38,4
DA:41,4
DA:42,2
DA:46,2
DA:47,2
DA:50,16
DA:51,16
DA:52,88
DA:54,16
DA:56,1
DA:57,0
DA:58,0
DA:60,1
DA:61,0
DA:63,1
DA:64,0
DA:66,1
DA:67,16
DA:69,1
DA:70,16
DA:72,1
DA:73,16
DA:75,1
DA:76,16
DA:78,1
DA:79,16
DA:81,1
DA:82,118
DA:84,1
DA:85,118
DA:87,1
DA:91,1
DA:95,1
DA:99,1
DA:103,1
DA:109,1
DA:111,1
LF:57
LH:53
BRDA:2,0,0,1
BRDA:2,0,1,1
BRDA:2,0,2,1
BRDA:3,1,0,1
BRDA:3,1,1,4
BRDA:3,2,0,0
BRDA:3,2,1,4
BRDA:4,3,0,0
BRDA:4,3,1,5
BRDA:4,4,0,5
BRDA:4,4,1,5
BRDA:5,5,0,9
BRDA:5,5,1,0
BRDA:5,6,0,9
BRDA:5,6,1,8
BRDA:5,7,0,1
BRDA:5,7,1,8
BRDA:5,8,0,8
BRDA:5,8,1,0
BRDA:6,9,0,5
BRDA:6,9,1,4
BRDA:6,9,2,0
BRDA:8,10,0,1
BRDA:8,10,1,1
BRDA:8,10,2,1
BRDA:9,11,0,4
BRDA:9,11,1,0
BRDA:9,12,0,4
BRDA:9,12,1,4
BRDA:35,13,0,8
BRDA:35,13,1,8
BRDA:37,14,0,4
BRDA:37,14,1,4
BRDA:41,15,0,2
BRDA:41,15,1,2
BRDA:76,16,0,16
BRDA:76,16,1,8
BRDA:79,17,0,16
BRDA:79,17,1,8
BRDA:82,18,0,16
BRDA:82,18,1,102
BRDA:85,19,0,16
BRDA:85,19,1,102
BRF:43
BRH:37
end_of_record
TN:
SF:Y:\sam-ui-elements\test-app\src\components\ui-kit\components\point-of-contact\index.ts
FN:2,(anonymous_0)
FN:12,(anonymous_1)
FN:13,SamPointOfContactModule
FNF:3
FNH:3
FNDA:1,(anonymous_0)
FNDA:1,(anonymous_1)
FNDA:11,SamPointOfContactModule
DA:2,1
DA:3,1
DA:4,1
DA:5,1
DA:6,1
DA:8,1
DA:9,1
DA:10,1
DA:11,1
DA:12,1
DA:15,1
DA:22,1
DA:24,1
DA:25,1
DA:26,1
LF:15
LH:15
BRDA:2,0,0,1
BRDA:2,0,1,1
BRDA:2,0,2,1
BRDA:3,1,0,1
BRDA:3,1,1,0
BRDA:3,2,0,0
BRDA:3,2,1,0
BRDA:4,3,0,0
BRDA:4,3,1,1
BRDA:4,4,0,1
BRDA:4,4,1,1
BRDA:5,5,0,1
BRDA:5,5,1,0
BRDA:5,6,0,1
BRDA:5,6,1,0
BRDA:5,7,0,1
BRDA:5,7,1,0
BRDA:5,8,0,0
BRDA:5,8,1,0
BRDA:6,9,0,1
BRDA:6,9,1,0
BRDA:6,9,2,0
BRF:22
BRH:11
end_of_record
TN:
SF:Y:\sam-ui-elements\test-app\src\components\ui-kit\components\point-of-contact\point-of-contact.component.ts
FN:2,(anonymous_0)
FN:8,(anonymous_1)
FN:16,(anonymous_2)
FN:17,SamPointOfContactComponent
FNF:4
FNH:4
FNDA:2,(anonymous_0)
FNDA:1,(anonymous_1)
FNDA:1,(anonymous_2)
FNDA:1,SamPointOfContactComponent
DA:2,1
DA:3,2
DA:4,2
DA:5,3
DA:6,2
DA:8,1
DA:9,1
DA:11,1
DA:12,1
DA:16,1
DA:19,1
DA:23,1
DA:26,1
DA:28,1
LF:14
LH:14
BRDA:2,0,0,1
BRDA:2,0,1,1
BRDA:2,0,2,1
BRDA:3,1,0,1
BRDA:3,1,1,1
BRDA:3,2,0,0
BRDA:3,2,1,1
BRDA:4,3,0,0
BRDA:4,3,1,2
BRDA:4,4,0,2
BRDA:4,4,1,2
BRDA:5,5,0,3
BRDA:5,5,1,0
BRDA:5,6,0,3
BRDA:5,6,1,2
BRDA:5,7,0,1
BRDA:5,7,1,2
BRDA:5,8,0,2
BRDA:5,8,1,0
BRDA:6,9,0,2
BRDA:6,9,1,1
BRDA:6,9,2,0
BRDA:8,10,0,1
BRDA:8,10,1,1
BRDA:8,10,2,1
BRDA:9,11,0,1
BRDA:9,11,1,0
BRDA:9,12,0,1
BRDA:9,12,1,1
BRF:29
BRH:23
end_of_record
TN:
SF:Y:\sam-ui-elements\test-app\src\components\ui-kit\components\progress-bar\index.ts
FN:2,(anonymous_0)
FN:12,(anonymous_1)
FN:13,SamProgressModule
FNF:3
FNH:3
FNDA:1,(anonymous_0)
FNDA:1,(anonymous_1)
FNDA:28,SamProgressModule
DA:2,1
DA:3,1
DA:4,1
DA:5,1
DA:6,1
DA:8,1
DA:9,1
DA:10,1
DA:11,1
DA:12,1
DA:15,1
DA:22,1
DA:24,1
LF:13
LH:13
BRDA:2,0,0,1
BRDA:2,0,1,1
BRDA:2,0,2,1
BRDA:3,1,0,1
BRDA:3,1,1,0
BRDA:3,2,0,0
BRDA:3,2,1,0
BRDA:4,3,0,0
BRDA:4,3,1,1
BRDA:4,4,0,1
BRDA:4,4,1,1
BRDA:5,5,0,1
BRDA:5,5,1,0
BRDA:5,6,0,1
BRDA:5,6,1,0
BRDA:5,7,0,1
BRDA:5,7,1,0
BRDA:5,8,0,0
BRDA:5,8,1,0
BRDA:6,9,0,1
BRDA:6,9,1,0
BRDA:6,9,2,0
BRF:22
BRH:11
end_of_record
TN:
SF:Y:\sam-ui-elements\test-app\src\components\ui-kit\components\progress-bar\progress-bar.component.ts
FN:2,(anonymous_0)
FN:8,(anonymous_1)
FN:13,(anonymous_2)
FN:14,SamProgress
FNF:4
FNH:3
FNDA:3,(anonymous_0)
FNDA:2,(anonymous_1)
FNDA:1,(anonymous_2)
FNDA:0,SamProgress
DA:2,1
DA:3,3
DA:4,3
DA:5,5
DA:6,3
DA:8,1
DA:9,2
DA:11,1
DA:12,1
DA:13,1
DA:18,0
DA:22,0
DA:24,1
DA:28,1
DA:32,1
DA:39,1
DA:41,1
LF:17
LH:15
BRDA:2,0,0,1
BRDA:2,0,1,1
BRDA:2,0,2,1
BRDA:3,1,0,1
BRDA:3,1,1,2
BRDA:3,2,0,0
BRDA:3,2,1,2
BRDA:4,3,0,0
BRDA:4,3,1,3
BRDA:4,4,0,3
BRDA:4,4,1,3
BRDA:5,5,0,5
BRDA:5,5,1,0
BRDA:5,6,0,5
BRDA:5,6,1,4
BRDA:5,7,0,1
BRDA:5,7,1,4
BRDA:5,8,0,4
BRDA:5,8,1,0
BRDA:6,9,0,3
BRDA:6,9,1,2
BRDA:6,9,2,0
BRDA:8,10,0,1
BRDA:8,10,1,1
BRDA:8,10,2,1
BRDA:9,11,0,2
BRDA:9,11,1,0
BRDA:9,12,0,2
BRDA:9,12,1,2
BRF:29
BRH:23
end_of_record
TN:
SF:Y:\sam-ui-elements\test-app\src\components\ui-kit\components\sidenav\index.ts
FNF:0
FNH:0
DA:2,1
DA:3,1
DA:4,1
DA:5,1
DA:6,1
DA:7,1
LF:6
LH:6
BRF:0
BRH:0
end_of_record
TN:
SF:Y:\sam-ui-elements\test-app\src\components\ui-kit\components\sidenav\menu-item\index.ts
FNF:0
FNH:0
DA:2,1
DA:3,1
DA:4,1
LF:3
LH:3
BRF:0
BRH:0
end_of_record
TN:
SF:Y:\sam-ui-elements\test-app\src\components\ui-kit\components\sidenav\menu-item\menu-item.component.ts
FN:2,(anonymous_0)
FN:8,(anonymous_1)
FN:14,(anonymous_2)
FN:15,SamMenuItemComponent
FN:26,(anonymous_4)
FN:35,(anonymous_5)
FN:38,(anonymous_6)
FNF:7
FNH:7
FNDA:5,(anonymous_0)
FNDA:5,(anonymous_1)
FNDA:1,(anonymous_2)
FNDA:4,SamMenuItemComponent
FNDA:1,(anonymous_4)
FNDA:12,(anonymous_5)
FNDA:1,(anonymous_6)
DA:2,1
DA:3,5
DA:4,5
DA:5,10
DA:6,5
DA:8,1
DA:9,5
DA:11,1
DA:12,1
DA:13,1
DA:14,1
DA:16,4
DA:20,4
DA:24,4
DA:26,1
DA:27,1
DA:28,0
DA:30,1
DA:31,1
DA:32,1
DA:33,1
DA:35,1
DA:36,12
DA:38,1
DA:39,1
DA:40,1
DA:41,1
DA:43,1
DA:47,1
DA:51,1
DA:55,1
DA:59,1
DA:66,1
DA:68,1
LF:34
LH:33
BRDA:2,0,0,1
BRDA:2,0,1,1
BRDA:2,0,2,1
BRDA:3,1,0,1
BRDA:3,1,1,4
BRDA:3,2,0,0
BRDA:3,2,1,4
BRDA:4,3,0,0
BRDA:4,3,1,5
BRDA:4,4,0,5
BRDA:4,4,1,5
BRDA:5,5,0,10
BRDA:5,5,1,0
BRDA:5,6,0,10
BRDA:5,6,1,9
BRDA:5,7,0,2
BRDA:5,7,1,8
BRDA:5,8,0,8
BRDA:5,8,1,0
BRDA:6,9,0,5
BRDA:6,9,1,4
BRDA:6,9,2,0
BRDA:8,10,0,1
BRDA:8,10,1,1
BRDA:8,10,2,1
BRDA:9,11,0,5
BRDA:9,11,1,0
BRDA:9,12,0,5
BRDA:9,12,1,5
BRDA:27,13,0,0
BRDA:27,13,1,1
BRDA:27,14,0,1
BRDA:27,14,1,0
BRF:33
BRH:25
end_of_record
TN:
SF:Y:\sam-ui-elements\test-app\src\components\ui-kit\components\sidenav\services\index.ts
FNF:0
FNH:0
DA:2,1
DA:3,1
DA:4,1
LF:3
LH:3
BRF:0
BRH:0
end_of_record
TN:
SF:Y:\sam-ui-elements\test-app\src\components\ui-kit\components\sidenav\services\sidenav.service.ts
FN:2,(anonymous_0)
FN:10,(anonymous_1)
FN:11,SidenavService
FN:15,(anonymous_3)
FN:18,(anonymous_4)
FN:21,(anonymous_5)
FN:24,(anonymous_6)
FN:33,(anonymous_7)
FN:44,(anonymous_8)
FN:46,(anonymous_9)
FN:52,(anonymous_10)
FN:55,(anonymous_11)
FNF:12
FNH:12
FNDA:1,(anonymous_0)
FNDA:1,(anonymous_1)
FNDA:12,SidenavService
FNDA:10,(anonymous_3)
FNDA:12,(anonymous_4)
FNDA:102,(anonymous_5)
FNDA:2,(anonymous_6)
FNDA:3,(anonymous_7)
FNDA:4,(anonymous_8)
FNDA:2,(anonymous_9)
FNDA:4,(anonymous_10)
FNDA:2,(anonymous_11)
DA:2,1
DA:3,1
DA:4,1
DA:5,1
DA:6,1
DA:8,1
DA:9,1
DA:10,1
DA:13,12
DA:15,1
DA:16,10
DA:18,1
DA:19,12
DA:21,1
DA:22,102
DA:24,1
DA:25,2
DA:26,2
DA:29,0
DA:31,2
DA:33,1
DA:34,3
DA:35,3
DA:38,0
DA:39,0
DA:40,0
DA:44,1
DA:45,4
DA:46,4
DA:47,2
DA:49,4
DA:50,4
DA:52,1
DA:53,4
DA:54,4
DA:55,4
DA:56,2
DA:57,2
DA:58,0
DA:59,0
DA:61,2
DA:63,4
DA:65,1
DA:68,1
DA:70,1
LF:45
LH:39
BRDA:2,0,0,1
BRDA:2,0,1,1
BRDA:2,0,2,1
BRDA:3,1,0,1
BRDA:3,1,1,0
BRDA:3,2,0,0
BRDA:3,2,1,0
BRDA:4,3,0,0
BRDA:4,3,1,1
BRDA:4,4,0,1
BRDA:4,4,1,1
BRDA:5,5,0,1
BRDA:5,5,1,0
BRDA:5,6,0,1
BRDA:5,6,1,0
BRDA:5,7,0,1
BRDA:5,7,1,0
BRDA:5,8,0,0
BRDA:5,8,1,0
BRDA:6,9,0,1
BRDA:6,9,1,0
BRDA:6,9,2,0
BRDA:25,10,0,2
BRDA:25,10,1,0
BRDA:34,11,0,3
BRDA:34,11,1,0
BRDA:39,12,0,0
BRDA:39,12,1,0
BRDA:57,13,0,0
BRDA:57,13,1,2
BRF:30
BRH:14
end_of_record
TN:
SF:Y:\sam-ui-elements\test-app\src\components\ui-kit\components\sidenav\services\testdata.ts
FNF:0
FNH:0
DA:2,1
DA:3,1
LF:2
LH:2
BRF:0
BRH:0
end_of_record
TN:
SF:Y:\sam-ui-elements\test-app\src\components\ui-kit\components\sidenav\sidenav\index.ts
FN:2,__export
FNF:1
FNH:1
FNDA:1,__export
DA:3,2
DA:5,1
DA:6,1
LF:3
LH:3
BRDA:3,0,0,2
BRDA:3,0,1,0
BRF:2
BRH:1
end_of_record
TN:
SF:Y:\sam-ui-elements\test-app\src\components\ui-kit\components\sidenav\sidenav\sidenav.component.ts
FN:2,(anonymous_0)
FN:8,(anonymous_1)
FN:19,(anonymous_2)
FN:20,SamSidenavComponent
FN:40,(anonymous_4)
FN:56,(anonymous_5)
FN:76,(anonymous_6)
FN:96,(anonymous_7)
FN:102,(anonymous_8)
FN:105,(anonymous_9)
FN:116,(anonymous_10)
FN:161,(anonymous_11)
FN:162,SamSidenavModule
FNF:13
FNH:13
FNDA:9,(anonymous_0)
FNDA:8,(anonymous_1)
FNDA:1,(anonymous_2)
FNDA:9,SamSidenavComponent
FNDA:7,(anonymous_4)
FNDA:3,(anonymous_5)
FNDA:3,(anonymous_6)
FNDA:1,(anonymous_7)
FNDA:90,(anonymous_8)
FNDA:1,(anonymous_9)
FNDA:1,(anonymous_10)
FNDA:1,(anonymous_11)
FNDA:20,SamSidenavModule
[...]
DA:14,1
DA:15,0
DA:17,1
DA:22,1
DA:24,1
LF:14
LH:13
BRDA:2,0,0,1
BRDA:2,0,1,1
BRDA:2,0,2,1
BRDA:3,1,0,1
BRDA:3,1,1,0
BRDA:3,2,0,0
BRDA:3,2,1,0
BRDA:4,3,0,0
BRDA:4,3,1,1
BRDA:4,4,0,1
BRDA:4,4,1,1
BRDA:5,5,0,1
BRDA:5,5,1,0
BRDA:5,6,0,1
BRDA:5,6,1,0
BRDA:5,7,0,1
BRDA:5,7,1,0
BRDA:5,8,0,0
BRDA:5,8,1,0
BRDA:6,9,0,1
BRDA:6,9,1,0
BRDA:6,9,2,0
BRF:22
BRH:11
end_of_record
TN:
SF:Y:\sam-ui-elements\test-app\src\components\ui-kit\utilities\index.ts
FN:2,__export
FNF:1
FNH:1
FNDA:4,__export
DA:3,5
DA:5,1
DA:6,1
DA:7,1
DA:8,1
DA:9,1
LF:6
LH:6
BRDA:3,0,0,5
BRDA:3,0,1,0
BRF:2
BRH:1
end_of_record
TN:
SF:Y:\sam-ui-elements\test-app\src\components\ui-kit\utilities\are-equal\are-equal.ts
FN:10,areEqual
FN:30,areObjectsEqual
FN:55,areArraysEqual
FN:79,areNonArrayObjectsEqual
FNF:4
FNH:4
FNDA:298,areEqual
FNDA:132,areObjectsEqual
FNDA:15,areArraysEqual
FNDA:116,areNonArrayObjectsEqual
DA:2,1
DA:11,298
DA:12,298
DA:13,14
DA:15,284
DA:17,132
DA:19,152
DA:33,132
DA:34,1
DA:36,131
DA:37,131
DA:38,15
DA:40,116
DA:41,116
DA:44,0
DA:56,15
DA:57,15
DA:58,6
DA:61,9
DA:62,27
DA:63,27
DA:64,27
DA:65,3
DA:68,6
DA:80,116
DA:81,116
DA:82,1
DA:84,115
DA:85,149
DA:86,149
DA:87,149
DA:88,93
DA:91,22
DA:94,1
LF:34
LH:33
BRDA:12,0,0,14
BRDA:12,0,1,284
BRDA:15,1,0,132
BRDA:15,1,1,152
BRDA:33,2,0,1
BRDA:33,2,1,131
BRDA:33,3,0,132
BRDA:33,3,1,1
BRDA:37,4,0,15
BRDA:37,4,1,116
BRDA:37,5,0,131
BRDA:37,5,1,15
BRDA:40,6,0,116
BRDA:40,6,1,0
BRDA:40,7,0,116
BRDA:40,7,1,116
BRDA:57,8,0,6
BRDA:57,8,1,9
BRDA:64,9,0,3
BRDA:64,9,1,24
BRDA:81,10,0,1
BRDA:81,10,1,115
BRDA:87,11,0,93
BRDA:87,11,1,56
BRF:24
BRH:23
end_of_record
TN:
SF:Y:\sam-ui-elements\test-app\src\components\ui-kit\utilities\are-equal\index.ts
FN:2,__export
FNF:1
FNH:1
FNDA:1,__export
DA:3,1
DA:5,1
DA:6,1
LF:3
LH:3
BRDA:3,0,0,1
BRDA:3,0,1,0
BRF:2
BRH:1
end_of_record
TN:
SF:Y:\sam-ui-elements\test-app\src\components\ui-kit\utilities\deprecator\deprecator.ts
FN:3,(anonymous_0)
FN:4,Deprecated
FN:12,(anonymous_2)
FN:13,Deprecator
FN:18,(anonymous_4)
FN:22,(anonymous_5)
FN:31,(anonymous_6)
FN:32,(anonymous_7)
FN:33,(anonymous_8)
FN:42,(anonymous_9)
FNF:10
FNH:2
FNDA:1,(anonymous_0)
FNDA:0,Deprecated
FNDA:1,(anonymous_2)
FNDA:0,Deprecator
FNDA:0,(anonymous_4)
FNDA:0,(anonymous_5)
FNDA:0,(anonymous_6)
FNDA:0,(anonymous_7)
FNDA:0,(anonymous_8)
FNDA:0,(anonymous_9)
DA:2,1
DA:3,1
DA:5,0
DA:6,0
DA:7,0
DA:8,0
DA:10,1
DA:12,1
DA:14,0
DA:15,0
DA:16,0
DA:18,1
DA:19,0
DA:20,0
DA:22,1
DA:23,0
DA:24,0
DA:25,0
DA:26,0
DA:28,0
DA:31,1
DA:32,0
DA:34,0
DA:42,1
DA:43,0
DA:45,1
DA:47,1
LF:27
LH:10
BRDA:23,0,0,0
BRDA:23,0,1,0
BRDA:25,1,0,0
BRDA:25,1,1,0
BRDA:36,2,0,0
BRDA:36,2,1,0
BRF:6
BRH:0
end_of_record
TN:
SF:Y:\sam-ui-elements\test-app\src\components\ui-kit\utilities\deprecator\index.ts
FN:2,__export
FNF:1
FNH:1
FNDA:1,__export
DA:3,1
DA:5,1
DA:6,1
LF:3
LH:3
BRDA:3,0,0,1
BRDA:3,0,1,0
BRF:2
BRH:1
end_of_record
TN:
SF:Y:\sam-ui-elements\test-app\src\components\ui-kit\utilities\key-helper\index.ts
FN:2,__export
FNF:1
FNH:1
FNDA:1,__export
DA:3,2
DA:5,1
DA:6,1
LF:3
LH:3
BRDA:3,0,0,2
BRDA:3,0,1,0
BRF:2
BRH:1
end_of_record
TN:
SF:Y:\sam-ui-elements\test-app\src\components\ui-kit\utilities\key-helper\key-helper.ts
FN:3,(anonymous_0)
FN:4,KeyHelper
FN:17,(anonymous_2)
FN:19,(anonymous_3)
FN:24,(anonymous_4)
FN:30,(anonymous_5)
FN:41,(anonymous_6)
FN:44,(anonymous_7)
FN:61,(anonymous_8)
FN:68,(anonymous_9)
FN:74,(anonymous_10)
FN:123,(anonymous_11)
FN:136,(anonymous_12)
FN:149,(anonymous_13)
FN:162,(anonymous_14)
FN:175,(anonymous_15)
FN:188,(anonymous_16)
FN:200,(anonymous_17)
FN:213,(anonymous_18)
FN:226,(anonymous_19)
FN:239,(anonymous_20)
FN:251,(anonymous_21)
FN:263,(anonymous_22)
FN:277,(anonymous_23)
FN:291,(anonymous_24)
FN:305,(anonymous_25)
FN:319,(anonymous_26)
FN:333,(anonymous_27)
FN:347,(anonymous_28)
FN:361,(anonymous_29)
FN:375,(anonymous_30)
FN:389,(anonymous_31)
FN:403,(anonymous_32)
FN:410,(anonymous_33)
FNF:34
FNH:34
FNDA:1,(anonymous_0)
FNDA:51,KeyHelper
FNDA:18,(anonymous_2)
FNDA:270,(anonymous_3)
FNDA:51,(anonymous_4)
FNDA:757,(anonymous_5)
FNDA:1,(anonymous_6)
FNDA:14,(anonymous_7)
FNDA:268,(anonymous_8)
FNDA:2680,(anonymous_9)
FNDA:605,(anonymous_10)
FNDA:27,(anonymous_11)
FNDA:30,(anonymous_12)
FNDA:42,(anonymous_13)
FNDA:25,(anonymous_14)
FNDA:25,(anonymous_15)
FNDA:75,(anonymous_16)
FNDA:21,(anonymous_17)
FNDA:7,(anonymous_18)
FNDA:16,(anonymous_19)
FNDA:50,(anonymous_20)
FNDA:37,(anonymous_21)
FNDA:268,(anonymous_22)
FNDA:261,(anonymous_23)
FNDA:254,(anonymous_24)
FNDA:247,(anonymous_25)
FNDA:240,(anonymous_26)
FNDA:233,(anonymous_27)
FNDA:226,(anonymous_28)
FNDA:219,(anonymous_29)
FNDA:212,(anonymous_30)
FNDA:205,(anonymous_31)
FNDA:250,(anonymous_32)
FNDA:1,(anonymous_33)
DA:2,1
DA:3,1
DA:5,51
DA:6,51
DA:7,757
DA:9,51
DA:10,51
DA:15,51
DA:17,1
DA:18,18
DA:20,270
DA:22,18
DA:24,1
DA:25,51
DA:26,51
DA:27,51
DA:28,757
DA:30,51
DA:31,757
DA:32,756
DA:35,1
DA:36,1
DA:37,1
DA:41,1
DA:42,1
DA:44,1
DA:45,14
DA:46,1
DA:48,13
DA:49,12
DA:51,1
DA:52,0
DA:54,1
DA:55,0
DA:58,1
DA:61,1
DA:62,268
DA:68,268
DA:69,2680
DA:74,1
DA:75,605
DA:76,605
DA:78,27
DA:80,30
DA:82,42
DA:84,25
DA:86,25
DA:88,75
DA:90,21
DA:92,7
DA:94,16
DA:96,50
DA:98,37
DA:100,25
DA:102,25
DA:104,25
DA:106,25
DA:108,25
DA:110,25
DA:112,25
DA:114,25
DA:116,25
DA:118,25
DA:120,0
DA:123,1
DA:124,27
DA:130,12
DA:133,15
DA:136,1
DA:137,30
DA:143,14
DA:146,16
DA:149,1
DA:150,42
DA:156,22
DA:159,20
DA:162,1
DA:163,25
DA:169,7
DA:172,18
DA:175,1
DA:176,25
DA:182,7
DA:185,18
DA:188,1
DA:189,75
DA:194,19
DA:197,56
DA:200,1
DA:201,21
DA:207,10
DA:210,11
DA:213,1
DA:214,7
DA:220,7
DA:223,0
DA:226,1
DA:227,16
DA:233,10
DA:236,6
DA:239,1
DA:240,50
DA:245,12
DA:248,38
DA:251,1
DA:252,37
DA:257,12
DA:260,25
DA:263,1
DA:264,268
DA:271,7
DA:274,261
DA:277,1
DA:278,261
DA:285,7
DA:288,254
DA:291,1
DA:292,254
DA:299,7
DA:302,247
DA:305,1
DA:306,247
DA:313,7
DA:316,240
DA:319,1
DA:320,240
DA:327,7
DA:330,233
DA:333,1
DA:334,233
DA:341,7
DA:344,226
DA:347,1
DA:348,226
DA:355,7
DA:358,219
DA:361,1
DA:362,219
DA:369,7
DA:372,212
DA:375,1
DA:376,212
DA:383,7
DA:386,205
DA:389,1
DA:390,205
DA:397,7
DA:400,198
DA:403,1
DA:404,250
DA:406,1
DA:408,1
DA:410,1
DA:411,1
DA:412,1
DA:413,1
DA:414,1
DA:415,1
DA:416,1
DA:417,1
DA:418,1
DA:419,1
DA:420,1
DA:421,1
DA:422,1
DA:423,1
DA:424,1
DA:425,1
DA:426,1
DA:427,1
DA:428,1
DA:429,1
DA:430,1
DA:431,1
LF:174
LH:170
BRDA:20,0,0,270
BRDA:20,0,1,264
BRDA:31,1,0,756
BRDA:31,1,1,1
BRDA:45,2,0,1
BRDA:45,2,1,13
BRDA:48,3,0,12
BRDA:48,3,1,1
BRDA:51,4,0,0
BRDA:51,4,1,1
BRDA:54,5,0,0
BRDA:54,5,1,1
BRDA:69,6,0,315
BRDA:69,6,1,2365
BRDA:76,7,0,27
BRDA:76,7,1,30
BRDA:76,7,2,42
BRDA:76,7,3,25
BRDA:76,7,4,25
BRDA:76,7,5,75
BRDA:76,7,6,21
BRDA:76,7,7,7
BRDA:76,7,8,16
BRDA:76,7,9,50
BRDA:76,7,10,37
BRDA:76,7,11,25
BRDA:76,7,12,25
BRDA:76,7,13,25
BRDA:76,7,14,25
BRDA:76,7,15,25
BRDA:76,7,16,25
BRDA:76,7,17,25
BRDA:76,7,18,25
BRDA:76,7,19,25
BRDA:76,7,20,25
BRDA:76,7,21,0
BRDA:124,8,0,12
BRDA:124,8,1,15
BRDA:124,9,0,27
BRDA:124,9,1,23
BRDA:124,9,2,19
BRDA:124,9,3,18
BRDA:124,9,4,17
BRDA:124,9,5,16
BRDA:137,10,0,14
BRDA:137,10,1,16
BRDA:137,11,0,30
BRDA:137,11,1,29
BRDA:137,11,2,28
BRDA:137,11,3,19
BRDA:137,11,4,18
BRDA:137,11,5,17
BRDA:150,12,0,22
BRDA:150,12,1,20
BRDA:150,13,0,42
BRDA:150,13,1,41
BRDA:150,13,2,40
BRDA:150,13,3,23
BRDA:150,13,4,22
BRDA:150,13,5,21
BRDA:163,14,0,7
BRDA:163,14,1,18
BRDA:163,15,0,25
BRDA:163,15,1,24
BRDA:163,15,2,23
BRDA:163,15,3,21
BRDA:163,15,4,20
BRDA:163,15,5,19
BRDA:176,16,0,7
BRDA:176,16,1,18
BRDA:176,17,0,25
BRDA:176,17,1,24
BRDA:176,17,2,23
BRDA:176,17,3,21
BRDA:176,17,4,20
BRDA:176,17,5,19
BRDA:189,18,0,19
BRDA:189,18,1,56
BRDA:189,19,0,75
BRDA:189,19,1,74
BRDA:189,19,2,59
BRDA:189,19,3,58
BRDA:189,19,4,57
BRDA:201,20,0,10
BRDA:201,20,1,11
BRDA:201,21,0,21
BRDA:201,21,1,18
BRDA:201,21,2,16
BRDA:201,21,3,14
BRDA:201,21,4,13
BRDA:201,21,5,12
BRDA:214,22,0,7
BRDA:214,22,1,0
BRDA:214,23,0,7
BRDA:214,23,1,6
BRDA:214,23,2,4
BRDA:214,23,3,3
BRDA:214,23,4,2
BRDA:214,23,5,1
BRDA:227,24,0,10
BRDA:227,24,1,6
BRDA:227,25,0,16
BRDA:227,25,1,15
BRDA:227,25,2,15
BRDA:227,25,3,9
BRDA:227,25,4,8
BRDA:227,25,5,7
BRDA:240,26,0,12
BRDA:240,26,1,38
BRDA:240,27,0,50
BRDA:240,27,1,49
BRDA:240,27,2,41
BRDA:240,27,3,40
BRDA:240,27,4,39
BRDA:252,28,0,12
BRDA:252,28,1,25
BRDA:252,29,0,37
BRDA:252,29,1,36
BRDA:252,29,2,28
BRDA:252,29,3,27
BRDA:252,29,4,26
BRDA:264,30,0,7
BRDA:264,30,1,261
BRDA:264,31,0,268
BRDA:264,31,1,267
BRDA:264,31,2,267
BRDA:264,31,3,264
BRDA:264,31,4,263
BRDA:264,31,5,263
BRDA:264,31,6,262
BRDA:278,32,0,7
BRDA:278,32,1,254
BRDA:278,33,0,261
BRDA:278,33,1,260
BRDA:278,33,2,260
BRDA:278,33,3,257
BRDA:278,33,4,256
BRDA:278,33,5,256
BRDA:278,33,6,255
BRDA:292,34,0,7
BRDA:292,34,1,247
BRDA:292,35,0,254
BRDA:292,35,1,253
BRDA:292,35,2,253
BRDA:292,35,3,250
BRDA:292,35,4,249
BRDA:292,35,5,249
BRDA:292,35,6,248
BRDA:306,36,0,7
BRDA:306,36,1,240
BRDA:306,37,0,247
BRDA:306,37,1,246
BRDA:306,37,2,246
BRDA:306,37,3,243
BRDA:306,37,4,242
BRDA:306,37,5,242
BRDA:306,37,6,241
BRDA:320,38,0,7
BRDA:320,38,1,233
BRDA:320,39,0,240
BRDA:320,39,1,239
BRDA:320,39,2,239
BRDA:320,39,3,236
BRDA:320,39,4,235
BRDA:320,39,5,235
BRDA:320,39,6,234
BRDA:334,40,0,7
BRDA:334,40,1,226
BRDA:334,41,0,233
BRDA:334,41,1,232
BRDA:334,41,2,232
BRDA:334,41,3,229
BRDA:334,41,4,228
BRDA:334,41,5,228
BRDA:334,41,6,227
BRDA:348,42,0,7
BRDA:348,42,1,219
BRDA:348,43,0,226
BRDA:348,43,1,225
BRDA:348,43,2,225
BRDA:348,43,3,222
BRDA:348,43,4,221
BRDA:348,43,5,221
BRDA:348,43,6,220
BRDA:362,44,0,7
BRDA:362,44,1,212
BRDA:362,45,0,219
BRDA:362,45,1,218
BRDA:362,45,2,218
BRDA:362,45,3,215
BRDA:362,45,4,214
BRDA:362,45,5,214
BRDA:362,45,6,213
BRDA:376,46,0,7
BRDA:376,46,1,205
BRDA:376,47,0,212
BRDA:376,47,1,211
BRDA:376,47,2,211
BRDA:376,47,3,208
BRDA:376,47,4,207
BRDA:376,47,5,207
BRDA:376,47,6,206
BRDA:390,48,0,7
BRDA:390,48,1,198
BRDA:390,49,0,205
BRDA:390,49,1,204
BRDA:390,49,2,204
BRDA:390,49,3,201
BRDA:390,49,4,200
BRDA:390,49,5,200
BRDA:390,49,6,199
BRDA:432,50,0,1
BRDA:432,50,1,1
BRF:213
BRH:209
end_of_record
TN:
SF:Y:\sam-ui-elements\test-app\src\components\ui-kit\utilities\key-helper\key-mocks.ts
FNF:0
FNH:0
DA:2,1
DA:3,1
DA:173,1
DA:343,1
DA:513,1
DA:683,1
LF:6
LH:6
BRF:0
BRH:0
end_of_record
TN:
SF:Y:\sam-ui-elements\test-app\src\components\ui-kit\utilities\pipe\index.ts
FN:2,__export
FNF:1
FNH:1
FNDA:1,__export
DA:3,1
DA:5,1
DA:6,1
LF:3
LH:3
BRDA:3,0,0,1
BRDA:3,0,1,0
BRF:2
BRH:1
end_of_record
TN:
SF:Y:\sam-ui-elements\test-app\src\components\ui-kit\utilities\pipe\pipe.ts
FN:3,pipe
FN:9,_pipe
FN:10,(anonymous_2)
FNF:3
FNH:3
FNDA:1,pipe
FNDA:2,_pipe
FNDA:2,(anonymous_2)
DA:2,1
DA:4,1
DA:5,1
DA:6,3
DA:8,1
DA:10,2
DA:11,2
DA:12,2
DA:13,2
DA:15,2
DA:19,1
LF:11
LH:11
BRF:0
BRH:0
end_of_record
TN:
SF:Y:\sam-ui-elements\test-app\src\components\ui-kit\wrappers\index.ts
FN:2,__export
FNF:1
FNH:1
FNDA:3,__export
DA:3,5
DA:5,1
DA:6,1
DA:7,1
DA:8,1
LF:5
LH:5
BRDA:3,0,0,5
BRDA:3,0,1,0
BRF:2
BRH:1
end_of_record
TN:
SF:Y:\sam-ui-elements\test-app\src\components\ui-kit\wrappers\wrappers.module.ts
FN:2,(anonymous_0)
FN:13,(anonymous_1)
FN:14,SamWrapperModule
FNF:3
FNH:3
FNDA:1,(anonymous_0)
FNDA:1,(anonymous_1)
FNDA:140,SamWrapperModule
DA:2,1
DA:3,1
DA:4,1
DA:5,1
DA:6,1
DA:8,1
DA:9,1
DA:10,1
DA:11,1
DA:12,1
DA:13,1
DA:16,1
DA:23,1
DA:25,1
LF:14
LH:14
BRDA:2,0,0,1
BRDA:2,0,1,1
BRDA:2,0,2,1
BRDA:3,1,0,1
BRDA:3,1,1,0
BRDA:3,2,0,0
BRDA:3,2,1,0
BRDA:4,3,0,0
BRDA:4,3,1,1
BRDA:4,4,0,1
BRDA:4,4,1,1
BRDA:5,5,0,1
BRDA:5,5,1,0
BRDA:5,6,0,1
BRDA:5,6,1,0
BRDA:5,7,0,1
BRDA:5,7,1,0
BRDA:5,8,0,0
BRDA:5,8,1,0
BRDA:6,9,0,1
BRDA:6,9,1,0
BRDA:6,9,2,0
BRF:22
BRH:11
end_of_record
TN:
SF:Y:\sam-ui-elements\test-app\src\components\ui-kit\wrappers\fieldset-wrapper\fieldset-wrapper.component.ts
FN:2,(anonymous_0)
FN:8,(anonymous_1)
FN:13,(anonymous_2)
FN:14,FieldsetWrapper
FN:30,(anonymous_4)
FN:36,(anonymous_5)
FN:49,(anonymous_6)
FN:61,(anonymous_7)
FN:64,(anonymous_8)
FN:71,(anonymous_9)
FN:79,(anonymous_10)
FN:87,(anonymous_11)
FN:90,(anonymous_12)
FN:104,(anonymous_13)
FN:111,(anonymous_14)
FN:113,(anonymous_15)
FN:116,(anonymous_16)
FN:119,(anonymous_17)
FN:122,(anonymous_18)
FN:127,(anonymous_19)
FN:132,(anonymous_20)
FN:147,(anonymous_21)
FN:162,(anonymous_22)
FNF:23
FNH:22
FNDA:8,(anonymous_0)
FNDA:11,(anonymous_1)
FNDA:1,(anonymous_2)
FNDA:120,FieldsetWrapper
FNDA:8,(anonymous_4)
FNDA:190,(anonymous_5)
FNDA:111,(anonymous_6)
FNDA:111,(anonymous_7)
FNDA:148,(anonymous_8)
FNDA:176,(anonymous_9)
FNDA:0,(anonymous_10)
FNDA:1,(anonymous_11)
FNDA:13,(anonymous_12)
FNDA:85,(anonymous_13)
FNDA:136,(anonymous_14)
FNDA:1,(anonymous_15)
FNDA:938,(anonymous_16)
FNDA:8,(anonymous_17)
FNDA:32,(anonymous_18)
FNDA:32,(anonymous_19)
FNDA:136,(anonymous_20)
FNDA:41,(anonymous_21)
FNDA:4,(anonymous_22)
DA:2,1
DA:3,8
DA:4,8
DA:5,19
DA:6,8
DA:8,1
DA:9,11
DA:11,1
DA:12,1
DA:13,1
DA:15,120
DA:19,120
DA:23,120
DA:24,120
DA:25,120
DA:26,120
DA:27,120
DA:29,1
DA:31,8
DA:37,190
DA:38,4
DA:39,4
DA:42,186
DA:49,1
DA:50,111
DA:55,65
DA:56,65
DA:57,65
DA:58,65
DA:61,1
DA:62,111
DA:64,1
DA:65,148
DA:66,65
DA:67,65
DA:68,65
DA:71,1
DA:72,176
DA:73,13
DA:74,13
DA:79,1
DA:82,0
DA:83,0
DA:84,0
DA:85,0
DA:87,1
DA:88,1
DA:90,1
DA:91,13
DA:92,7
DA:93,7
DA:94,7
DA:95,7
DA:97,7
DA:98,7
DA:99,7
DA:101,13
DA:102,13
DA:104,1
DA:105,85
DA:106,85
DA:107,85
DA:108,136
DA:110,85
DA:111,136
DA:113,1
DA:114,1
DA:116,1
DA:117,938
DA:119,1
DA:120,8
DA:122,1
DA:123,32
DA:127,1
DA:128,32
DA:132,1
DA:133,136
DA:134,1
DA:136,135
DA:137,93
DA:138,93
DA:140,42
DA:141,41
DA:143,1
DA:144,1
DA:147,1
DA:148,41
DA:149,41
DA:150,41
DA:151,37
DA:153,37
DA:154,37
DA:158,4
DA:162,1
DA:164,4
DA:166,1
DA:167,1
DA:168,1
DA:171,1
DA:172,1
DA:174,1
DA:175,1
DA:176,1
DA:178,1
DA:179,1
DA:180,1
DA:182,1
DA:183,1
DA:184,1
DA:187,1
DA:191,1
DA:195,1
DA:199,1
DA:204,1
DA:208,1
DA:212,1
DA:218,1
DA:225,1
DA:227,1
LF:119
LH:115
BRDA:2,0,0,1
BRDA:2,0,1,1
BRDA:2,0,2,1
BRDA:3,1,0,1
BRDA:3,1,1,7
BRDA:3,2,0,2
BRDA:3,2,1,5
BRDA:4,3,0,0
BRDA:4,3,1,8
BRDA:4,4,0,8
BRDA:4,4,1,8
BRDA:5,5,0,19
BRDA:5,5,1,0
BRDA:5,6,0,19
BRDA:5,6,1,18
BRDA:5,7,0,2
BRDA:5,7,1,17
BRDA:5,8,0,17
BRDA:5,8,1,0
BRDA:6,9,0,8
BRDA:6,9,1,7
BRDA:6,9,2,2
BRDA:8,10,0,1
BRDA:8,10,1,1
BRDA:8,10,2,1
BRDA:9,11,0,11
BRDA:9,11,1,0
BRDA:9,12,0,11
BRDA:9,12,1,11
BRDA:37,13,0,4
BRDA:37,13,1,186
BRDA:50,14,0,65
BRDA:50,14,1,46
BRDA:50,15,0,111
BRDA:50,15,1,111
BRDA:50,15,2,111
BRDA:65,16,0,65
BRDA:65,16,1,83
BRDA:65,17,0,148
BRDA:65,17,1,65
BRDA:72,18,0,13
BRDA:72,18,1,163
BRDA:74,19,0,1
BRDA:74,19,1,12
BRDA:91,20,0,7
BRDA:91,20,1,6
BRDA:123,21,0,2
BRDA:123,21,1,30
BRDA:123,22,0,32
BRDA:123,22,1,4
BRDA:128,23,0,2
BRDA:128,23,1,30
BRDA:128,24,0,32
BRDA:128,24,1,4
BRDA:133,25,0,1
BRDA:133,25,1,135
BRDA:136,26,0,93
BRDA:136,26,1,42
BRDA:140,27,0,41
BRDA:140,27,1,1
BRDA:140,28,0,42
BRDA:140,28,1,41
BRDA:143,29,0,1
BRDA:143,29,1,0
BRDA:150,30,0,37
BRDA:150,30,1,4
BRDA:151,31,0,37
BRDA:151,31,1,0
BRDA:164,32,0,1
BRDA:164,32,1,1
BRDA:164,32,2,1
BRDA:164,32,3,1
BRF:72
BRH:66
end_of_record
TN:
SF:Y:\sam-ui-elements\test-app\src\components\ui-kit\wrappers\fieldset-wrapper\index.ts
FN:2,(anonymous_0)
FN:12,(anonymous_1)
FN:13,SamFieldsetWrapperModule
FNF:3
FNH:3
FNDA:1,(anonymous_0)
FNDA:1,(anonymous_1)
FNDA:140,SamFieldsetWrapperModule
DA:2,1
DA:3,1
DA:4,1
DA:5,1
DA:6,1
DA:8,1
DA:9,1
DA:10,1
DA:11,1
DA:12,1
DA:15,1
DA:22,1
DA:24,1
DA:25,1
DA:26,1
LF:15
LH:15
BRDA:2,0,0,1
BRDA:2,0,1,1
BRDA:2,0,2,1
BRDA:3,1,0,1
BRDA:3,1,1,0
BRDA:3,2,0,0
BRDA:3,2,1,0
BRDA:4,3,0,0
BRDA:4,3,1,1
BRDA:4,4,0,1
BRDA:4,4,1,1
BRDA:5,5,0,1
BRDA:5,5,1,0
BRDA:5,6,0,1
BRDA:5,6,1,0
BRDA:5,7,0,1
BRDA:5,7,1,0
BRDA:5,8,0,0
BRDA:5,8,1,0
BRDA:6,9,0,1
BRDA:6,9,1,0
BRDA:6,9,2,0
BRF:22
BRH:11
end_of_record
TN:
SF:Y:\sam-ui-elements\test-app\src\components\ui-kit\wrappers\label-wrapper\index.ts
FN:2,(anonymous_0)
FN:12,(anonymous_1)
FN:13,SamLabelWrapperModule
FNF:3
FNH:3
FNDA:1,(anonymous_0)
FNDA:1,(anonymous_1)
FNDA:140,SamLabelWrapperModule
DA:2,1
DA:3,1
DA:4,1
DA:5,1
DA:6,1
DA:8,1
DA:9,1
DA:10,1
DA:11,1
DA:12,1
DA:15,1
DA:22,1
DA:24,1
DA:25,1
DA:26,1
LF:15
LH:15
BRDA:2,0,0,1
BRDA:2,0,1,1
BRDA:2,0,2,1
BRDA:3,1,0,1
BRDA:3,1,1,0
BRDA:3,2,0,0
BRDA:3,2,1,0
BRDA:4,3,0,0
BRDA:4,3,1,1
BRDA:4,4,0,1
BRDA:4,4,1,1
BRDA:5,5,0,1
BRDA:5,5,1,0
BRDA:5,6,0,1
BRDA:5,6,1,0
BRDA:5,7,0,1
BRDA:5,7,1,0
BRDA:5,8,0,0
BRDA:5,8,1,0
BRDA:6,9,0,1
BRDA:6,9,1,0
BRDA:6,9,2,0
BRF:22
BRH:11
end_of_record
TN:
SF:Y:\sam-ui-elements\test-app\src\components\ui-kit\wrappers\label-wrapper\label-wrapper.component.ts
FN:2,(anonymous_0)
FN:8,(anonymous_1)
FN:13,(anonymous_2)
FN:14,LabelWrapper
FN:36,(anonymous_4)
FN:42,(anonymous_5)
FN:50,(anonymous_6)
FN:62,(anonymous_7)
FN:83,(anonymous_8)
FN:90,(anonymous_9)
FN:98,(anonymous_10)
FN:108,(anonymous_11)
FN:116,(anonymous_12)
FN:119,(anonymous_13)
FN:133,(anonymous_14)
FN:162,(anonymous_15)
FN:165,(anonymous_16)
FN:172,(anonymous_17)
FN:179,(anonymous_18)
FN:198,(anonymous_19)
FN:202,(anonymous_20)
FN:206,(anonymous_21)
FN:212,(anonymous_22)
FNF:23
FNH:22
FNDA:11,(anonymous_0)
FNDA:14,(anonymous_1)
FNDA:1,(anonymous_2)
FNDA:135,LabelWrapper
FNDA:1521,(anonymous_4)
FNDA:180,(anonymous_5)
FNDA:123,(anonymous_6)
FNDA:123,(anonymous_7)
FNDA:213,(anonymous_8)
FNDA:130,(anonymous_9)
FNDA:293,(anonymous_10)
FNDA:0,(anonymous_11)
FNDA:1,(anonymous_12)
FNDA:9,(anonymous_13)
FNDA:64,(anonymous_14)
FNDA:1,(anonymous_15)
FNDA:30,(anonymous_16)
FNDA:30,(anonymous_17)
FNDA:4,(anonymous_18)
FNDA:113,(anonymous_19)
FNDA:113,(anonymous_20)
FNDA:113,(anonymous_21)
FNDA:293,(anonymous_22)
DA:2,1
DA:3,11
DA:4,11
DA:5,25
DA:6,11
DA:8,1
DA:9,14
DA:11,1
DA:12,1
DA:13,1
DA:15,135
DA:16,135
DA:20,135
DA:24,135
DA:28,135
DA:29,135
DA:30,135
DA:31,135
DA:32,135
DA:33,135
DA:35,1
DA:37,1521
DA:43,180
DA:44,180
DA:50,1
DA:51,123
DA:56,7
DA:57,7
DA:58,7
DA:59,7
DA:62,1
DA:63,123
DA:64,123
DA:65,6
DA:67,117
DA:69,117
DA:70,117
DA:75,0
DA:77,117
DA:78,113
DA:79,113
DA:80,113
DA:83,1
DA:84,213
DA:85,7
DA:86,7
DA:87,7
DA:90,1
DA:91,130
DA:92,9
DA:93,9
DA:98,1
DA:99,293
DA:100,149
DA:101,8
DA:104,141
DA:108,1
DA:111,0
DA:112,0
DA:113,0
DA:114,0
DA:116,1
DA:117,1
DA:119,1
DA:120,9
DA:121,5
DA:122,5
DA:123,5
DA:124,5
DA:126,5
DA:127,5
DA:128,5
DA:130,9
DA:131,9
DA:133,1
DA:134,64
DA:135,2
DA:137,62
DA:138,56
DA:139,56
DA:141,6
DA:142,5
DA:143,5
DA:144,5
DA:145,1
DA:147,1
DA:148,1
DA:152,4
DA:153,4
DA:154,4
DA:158,1
DA:159,1
DA:162,1
DA:163,1
DA:165,1
DA:166,30
DA:172,1
DA:173,30
DA:179,1
DA:180,4
DA:182,1
DA:183,1
DA:184,1
DA:187,1
DA:189,1
DA:190,1
DA:192,1
DA:193,1
DA:195,1
DA:198,1
DA:199,113
DA:200,113
DA:202,1
DA:203,113
DA:204,113
DA:206,1
DA:207,113
DA:208,4
DA:209,4
DA:212,1
DA:213,293
DA:214,14
DA:216,279
DA:217,8
DA:220,271
DA:223,1
DA:227,1
DA:231,1
DA:235,1
DA:239,1
DA:243,1
DA:247,1
DA:252,1
DA:256,1
DA:260,1
DA:266,1
DA:274,1
DA:276,1
LF:138
LH:133
BRDA:2,0,0,1
BRDA:2,0,1,1
BRDA:2,0,2,1
BRDA:3,1,0,1
BRDA:3,1,1,10
BRDA:3,2,0,2
BRDA:3,2,1,8
BRDA:4,3,0,0
BRDA:4,3,1,11
BRDA:4,4,0,11
BRDA:4,4,1,11
BRDA:5,5,0,25
BRDA:5,5,1,0
BRDA:5,6,0,25
BRDA:5,6,1,24
BRDA:5,7,0,2
BRDA:5,7,1,23
BRDA:5,8,0,23
BRDA:5,8,1,0
BRDA:6,9,0,11
BRDA:6,9,1,10
BRDA:6,9,2,2
BRDA:8,10,0,1
BRDA:8,10,1,1
BRDA:8,10,2,1
BRDA:9,11,0,14
BRDA:9,11,1,0
BRDA:9,12,0,14
BRDA:9,12,1,14
BRDA:51,13,0,7
BRDA:51,13,1,116
BRDA:51,14,0,123
BRDA:51,14,1,123
BRDA:51,14,2,117
BRDA:64,15,0,6
BRDA:64,15,1,117
BRDA:77,16,0,113
BRDA:77,16,1,4
BRDA:84,17,0,7
BRDA:84,17,1,206
BRDA:84,18,0,213
BRDA:84,18,1,7
BRDA:91,19,0,9
BRDA:91,19,1,121
BRDA:93,20,0,1
BRDA:93,20,1,8
BRDA:99,21,0,149
BRDA:99,21,1,144
BRDA:100,22,0,8
BRDA:100,22,1,141
BRDA:120,23,0,5
BRDA:120,23,1,4
BRDA:134,24,0,2
BRDA:134,24,1,62
BRDA:137,25,0,56
BRDA:137,25,1,6
BRDA:141,26,0,5
BRDA:141,26,1,1
BRDA:141,27,0,6
BRDA:141,27,1,5
BRDA:144,28,0,1
BRDA:144,28,1,4
BRDA:145,29,0,1
BRDA:145,29,1,0
BRDA:158,30,0,1
BRDA:158,30,1,0
BRDA:166,31,0,2
BRDA:166,31,1,28
BRDA:166,32,0,30
BRDA:166,32,1,4
BRDA:166,32,2,4
BRDA:173,33,0,2
BRDA:173,33,1,28
BRDA:173,34,0,30
BRDA:173,34,1,4
BRDA:173,34,2,4
BRDA:180,35,0,1
BRDA:180,35,1,1
BRDA:180,35,2,1
BRDA:180,35,3,1
BRDA:207,36,0,4
BRDA:207,36,1,109
BRDA:213,37,0,14
BRDA:213,37,1,279
BRDA:216,38,0,8
BRDA:216,38,1,271
BRF:86
BRH:80
end_of_record
